#
# There is insufficient memory for the Java Runtime Environment to continue.
# Native memory allocation (malloc) failed to allocate 200016 bytes for Chunk::new
# Possible reasons:
#   The system is out of physical RAM or swap space
#   The process is running with CompressedOops enabled, and the Java Heap may be blocking the growth of the native heap
# Possible solutions:
#   Reduce memory load on the system
#   Increase physical memory or swap space
#   Check if swap backing store is full
#   Decrease Java heap size (-Xmx/-Xms)
#   Decrease number of Java threads
#   Decrease Java thread stack sizes (-Xss)
#   Set larger code cache with -XX:ReservedCodeCacheSize=
#   JVM is running with Unscaled Compressed Oops mode in which the Java heap is
#     placed in the first 4GB address space. The Java Heap base address is the
#     maximum limit for the native heap growth. Please use -XX:HeapBaseMinAddress
#     to set the Java Heap base and to place the Java Heap above 4GB virtual address.
# This output file may be truncated or incomplete.
#
#  Out of Memory Error (allocation.cpp:390), pid=530160, tid=0x00000000000817f4
#
# JRE version: Java(TM) SE Runtime Environment (8.0_201-b09) (build 1.8.0_201-b09)
# Java VM: Java HotSpot(TM) 64-Bit Server VM (25.201-b09 mixed mode windows-amd64 compressed oops)
# Failed to write core dump. Minidumps are not enabled by default on client versions of Windows
#

---------------  T H R E A D  ---------------

Current thread (0x000000001a032000):  JavaThread "C2 CompilerThread0" daemon [_thread_in_native, id=530420, stack(0x000000001a920000,0x000000001aa20000)]

Stack: [0x000000001a920000,0x000000001aa20000]
[error occurred during error reporting (printing stack bounds), id 0xc0000005]

Native frames: (J=compiled Java code, j=interpreted, Vv=VM code, C=native code)


Current CompileTask:
C2:  15545 3703   !   4       javafx.scene.CssStyleHelper::transitionToState (1075 bytes)


---------------  P R O C E S S  ---------------

Java Threads: ( => current thread )
  0x000000002d8c0000 JavaThread "pool-2-thread-1" [_thread_blocked, id=530440, stack(0x000000002f1f0000,0x000000002f2f0000)]
  0x000000002d8c1000 JavaThread "mysql-cj-abandoned-connection-cleanup" daemon [_thread_blocked, id=529996, stack(0x000000002eaf0000,0x000000002ebf0000)]
  0x000000001b246000 JavaThread "Prism Font Disposer" daemon [_thread_blocked, id=529736, stack(0x00000000260b0000,0x00000000261b0000)]
  0x000000001b02c000 JavaThread "Thread-3" daemon [_thread_in_native, id=519064, stack(0x0000000024ba0000,0x0000000024ca0000)]
  0x000000001b04a800 JavaThread "JavaFX-Launcher" [_thread_blocked, id=529620, stack(0x0000000024ca0000,0x0000000024da0000)]
  0x000000001afbe800 JavaThread "JavaFX Application Thread" [_thread_blocked, id=529456, stack(0x000000001c2a0000,0x000000001c3a0000)]
  0x000000001afab800 JavaThread "Thread-1" daemon [_thread_blocked, id=512496, stack(0x000000001c1a0000,0x000000001c2a0000)]
  0x000000001afc1000 JavaThread "QuantumRenderer-0" daemon [_thread_in_vm, id=512536, stack(0x000000001b990000,0x000000001ba90000)]
  0x000000001a110800 JavaThread "Service Thread" daemon [_thread_blocked, id=529708, stack(0x000000001ad20000,0x000000001ae20000)]
  0x000000001a085800 JavaThread "C1 CompilerThread3" daemon [_thread_blocked, id=524424, stack(0x000000001ac20000,0x000000001ad20000)]
  0x000000001a082000 JavaThread "C2 CompilerThread2" daemon [_thread_blocked, id=529644, stack(0x000000001ab20000,0x000000001ac20000)]
  0x000000001a034800 JavaThread "C2 CompilerThread1" daemon [_thread_in_native, id=530348, stack(0x000000001aa20000,0x000000001ab20000)]
=>0x000000001a032000 JavaThread "C2 CompilerThread0" daemon [_thread_in_native, id=530420, stack(0x000000001a920000,0x000000001aa20000)]
  0x000000001a02f000 JavaThread "Attach Listener" daemon [_thread_blocked, id=530416, stack(0x000000001a820000,0x000000001a920000)]
  0x000000001a07c800 JavaThread "Signal Dispatcher" daemon [_thread_blocked, id=530304, stack(0x000000001a720000,0x000000001a820000)]
  0x0000000003219000 JavaThread "Finalizer" daemon [_thread_blocked, id=530228, stack(0x000000001a500000,0x000000001a600000)]
  0x0000000003216000 JavaThread "Reference Handler" daemon [_thread_blocked, id=530412, stack(0x000000001a400000,0x000000001a500000)]
  0x0000000003122800 JavaThread "main" [_thread_blocked, id=512648, stack(0x0000000003000000,0x0000000003100000)]

Other Threads:
  0x00000000181f9000 VMThread [stack: 0x0000000019f00000,0x000000001a000000] [id=530400]
  0x000000001a135000 WatcherThread [stack: 0x000000001ae20000,0x000000001af20000] [id=529360]

VM state:not at safepoint (normal execution)

VM Mutex/Monitor currently owned by a thread:  ([mutex/lock_event])
[0x000000000311d850] AdapterHandlerLibrary_lock - owner thread: 0x000000001afc1000

heap address: 0x0000000081600000, size: 2026 MB, Compressed Oops mode: 32-bit
Narrow klass base: 0x0000000000000000, Narrow klass shift: 3
Compressed class space size: 1073741824 Address: 0x0000000100000000

Heap:
 PSYoungGen      total 58368K, used 3860K [0x00000000d5d00000, 0x00000000da800000, 0x0000000100000000)
  eden space 53248K, 7% used [0x00000000d5d00000,0x00000000d60c5238,0x00000000d9100000)
  from space 5120K, 0% used [0x00000000d9e00000,0x00000000d9e00000,0x00000000da300000)
  to   space 5120K, 0% used [0x00000000da300000,0x00000000da300000,0x00000000da800000)
 ParOldGen       total 119808K, used 54633K [0x0000000081600000, 0x0000000088b00000, 0x00000000d5d00000)
  object space 119808K, 45% used [0x0000000081600000,0x0000000084b5a608,0x0000000088b00000)
 Metaspace       used 34496K, capacity 35994K, committed 36136K, reserved 1081344K
  class space    used 4807K, capacity 5104K, committed 5160K, reserved 1048576K

Card table byte_map: [0x00000000125e0000,0x00000000129e0000] byte_map_base: 0x00000000121d5000

Marking Bits: (ParMarkBitMap*) 0x0000000074604ce0
 Begin Bits: [0x0000000013490000, 0x0000000015438000)
 End Bits:   [0x0000000015438000, 0x00000000173e0000)

Polling page: 0x0000000002eb0000

CodeCache: size=245760Kb used=11592Kb max_used=11592Kb free=234167Kb
 bounds [0x0000000003220000, 0x0000000003d80000, 0x0000000012220000]
 total_blobs=4623 nmethods=3785 adapters=750
 compilation: enabled

Compilation events (10 events):
Event: 15.514 Thread 0x000000001a085800 3782       3       com.sun.javafx.font.directwrite.DWGlyph::getD2DMask (687 bytes)
Event: 15.517 Thread 0x000000001a085800 nmethod 3782 0x0000000003d71fd0 code [0x0000000003d725c0, 0x0000000003d75f48]
Event: 15.517 Thread 0x000000001a085800 3783       3       com.sun.prism.impl.ps.BaseShaderContext::isSuperShaderEnabled (48 bytes)
Event: 15.517 Thread 0x000000001a085800 nmethod 3783 0x0000000003d6c990 code [0x0000000003d6cb00, 0x0000000003d6ce90]
Event: 15.520 Thread 0x000000001a085800 3785       3       java.util.concurrent.locks.AbstractQueuedSynchronizer::release (33 bytes)
Event: 15.521 Thread 0x000000001a085800 nmethod 3785 0x0000000003d691d0 code [0x0000000003d69340, 0x0000000003d69658]
Event: 15.541 Thread 0x000000001a085800 3786       1       com.sun.javafx.text.TextRun::getLocation (5 bytes)
Event: 15.541 Thread 0x000000001a085800 nmethod 3786 0x0000000003d6c310 code [0x0000000003d6c460, 0x0000000003d6c570]
Event: 15.543 Thread 0x000000001a085800 3787       3       com.sun.prism.d3d.D3DContext::updateShaderTransform (87 bytes)
Event: 15.543 Thread 0x000000001a085800 nmethod 3787 0x0000000003d6aed0 code [0x0000000003d6b120, 0x0000000003d6be98]

GC Heap History (10 events):
Event: 2.053 GC heap before
{Heap before GC invocations=3 (full 0):
 PSYoungGen      total 38400K, used 28224K [0x00000000d5d00000, 0x00000000d8780000, 0x0000000100000000)
  eden space 33280K, 69% used [0x00000000d5d00000,0x00000000d7394f88,0x00000000d7d80000)
  from space 5120K, 99% used [0x00000000d8280000,0x00000000d877b430,0x00000000d8780000)
  to   space 5120K, 0% used [0x00000000d7d80000,0x00000000d7d80000,0x00000000d8280000)
 ParOldGen       total 87552K, used 39896K [0x0000000081600000, 0x0000000086b80000, 0x00000000d5d00000)
  object space 87552K, 45% used [0x0000000081600000,0x0000000083cf63b0,0x0000000086b80000)
 Metaspace       used 20450K, capacity 21198K, committed 21296K, reserved 1067008K
  class space    used 2999K, capacity 3188K, committed 3200K, reserved 1048576K
Event: 2.058 GC heap after
Heap after GC invocations=3 (full 0):
 PSYoungGen      total 38400K, used 5109K [0x00000000d5d00000, 0x00000000da800000, 0x0000000100000000)
  eden space 33280K, 0% used [0x00000000d5d00000,0x00000000d5d00000,0x00000000d7d80000)
  from space 5120K, 99% used [0x00000000d7d80000,0x00000000d827d520,0x00000000d8280000)
  to   space 5120K, 0% used [0x00000000da300000,0x00000000da300000,0x00000000da800000)
 ParOldGen       total 87552K, used 43288K [0x0000000081600000, 0x0000000086b80000, 0x00000000d5d00000)
  object space 87552K, 49% used [0x0000000081600000,0x0000000084046278,0x0000000086b80000)
 Metaspace       used 20450K, capacity 21198K, committed 21296K, reserved 1067008K
  class space    used 2999K, capacity 3188K, committed 3200K, reserved 1048576K
}
Event: 2.058 GC heap before
{Heap before GC invocations=4 (full 1):
 PSYoungGen      total 38400K, used 5109K [0x00000000d5d00000, 0x00000000da800000, 0x0000000100000000)
  eden space 33280K, 0% used [0x00000000d5d00000,0x00000000d5d00000,0x00000000d7d80000)
  from space 5120K, 99% used [0x00000000d7d80000,0x00000000d827d520,0x00000000d8280000)
  to   space 5120K, 0% used [0x00000000da300000,0x00000000da300000,0x00000000da800000)
 ParOldGen       total 87552K, used 43288K [0x0000000081600000, 0x0000000086b80000, 0x00000000d5d00000)
  object space 87552K, 49% used [0x0000000081600000,0x0000000084046278,0x0000000086b80000)
 Metaspace       used 20450K, capacity 21198K, committed 21296K, reserved 1067008K
  class space    used 2999K, capacity 3188K, committed 3200K, reserved 1048576K
Event: 2.075 GC heap after
Heap after GC invocations=4 (full 1):
 PSYoungGen      total 38400K, used 0K [0x00000000d5d00000, 0x00000000da800000, 0x0000000100000000)
  eden space 33280K, 0% used [0x00000000d5d00000,0x00000000d5d00000,0x00000000d7d80000)
  from space 5120K, 0% used [0x00000000d7d80000,0x00000000d7d80000,0x00000000d8280000)
  to   space 5120K, 0% used [0x00000000da300000,0x00000000da300000,0x00000000da800000)
 ParOldGen       total 119808K, used 46080K [0x0000000081600000, 0x0000000088b00000, 0x00000000d5d00000)
  object space 119808K, 38% used [0x0000000081600000,0x0000000084300258,0x0000000088b00000)
 Metaspace       used 20450K, capacity 21198K, committed 21296K, reserved 1067008K
  class space    used 2999K, capacity 3188K, committed 3200K, reserved 1048576K
}
Event: 2.543 GC heap before
{Heap before GC invocations=5 (full 1):
 PSYoungGen      total 38400K, used 33280K [0x00000000d5d00000, 0x00000000da800000, 0x0000000100000000)
  eden space 33280K, 100% used [0x00000000d5d00000,0x00000000d7d80000,0x00000000d7d80000)
  from space 5120K, 0% used [0x00000000d7d80000,0x00000000d7d80000,0x00000000d8280000)
  to   space 5120K, 0% used [0x00000000da300000,0x00000000da300000,0x00000000da800000)
 ParOldGen       total 119808K, used 46080K [0x0000000081600000, 0x0000000088b00000, 0x00000000d5d00000)
  object space 119808K, 38% used [0x0000000081600000,0x0000000084300258,0x0000000088b00000)
 Metaspace       used 27758K, capacity 28586K, committed 28672K, reserved 1073152K
  class space    used 3848K, capacity 4062K, committed 4096K, reserved 1048576K
Event: 2.547 GC heap after
Heap after GC invocations=5 (full 1):
 PSYoungGen      total 58368K, used 5091K [0x00000000d5d00000, 0x00000000da800000, 0x0000000100000000)
  eden space 53248K, 0% used [0x00000000d5d00000,0x00000000d5d00000,0x00000000d9100000)
  from space 5120K, 99% used [0x00000000da300000,0x00000000da7f8d48,0x00000000da800000)
  to   space 5120K, 0% used [0x00000000d9e00000,0x00000000d9e00000,0x00000000da300000)
 ParOldGen       total 119808K, used 48355K [0x0000000081600000, 0x0000000088b00000, 0x00000000d5d00000)
  object space 119808K, 40% used [0x0000000081600000,0x0000000084538f68,0x0000000088b00000)
 Metaspace       used 27758K, capacity 28586K, committed 28672K, reserved 1073152K
  class space    used 3848K, capacity 4062K, committed 4096K, reserved 1048576K
}
Event: 15.420 GC heap before
{Heap before GC invocations=6 (full 1):
 PSYoungGen      total 58368K, used 46972K [0x00000000d5d00000, 0x00000000da800000, 0x0000000100000000)
  eden space 53248K, 78% used [0x00000000d5d00000,0x00000000d85e6548,0x00000000d9100000)
  from space 5120K, 99% used [0x00000000da300000,0x00000000da7f8d48,0x00000000da800000)
  to   space 5120K, 0% used [0x00000000d9e00000,0x00000000d9e00000,0x00000000da300000)
 ParOldGen       total 119808K, used 48355K [0x0000000081600000, 0x0000000088b00000, 0x00000000d5d00000)
  object space 119808K, 40% used [0x0000000081600000,0x0000000084538f68,0x0000000088b00000)
 Metaspace       used 34136K, capacity 35448K, committed 35496K, reserved 1079296K
  class space    used 4741K, capacity 5003K, committed 5032K, reserved 1048576K
Event: 15.426 GC heap after
Heap after GC invocations=6 (full 1):
 PSYoungGen      total 58368K, used 5088K [0x00000000d5d00000, 0x00000000da800000, 0x0000000100000000)
  eden space 53248K, 0% used [0x00000000d5d00000,0x00000000d5d00000,0x00000000d9100000)
  from space 5120K, 99% used [0x00000000d9e00000,0x00000000da2f8260,0x00000000da300000)
  to   space 5120K, 0% used [0x00000000da300000,0x00000000da300000,0x00000000da800000)
 ParOldGen       total 119808K, used 54402K [0x0000000081600000, 0x0000000088b00000, 0x00000000d5d00000)
  object space 119808K, 45% used [0x0000000081600000,0x0000000084b20a88,0x0000000088b00000)
 Metaspace       used 34136K, capacity 35448K, committed 35496K, reserved 1079296K
  class space    used 4741K, capacity 5003K, committed 5032K, reserved 1048576K
}
Event: 15.426 GC heap before
{Heap before GC invocations=7 (full 2):
 PSYoungGen      total 58368K, used 5088K [0x00000000d5d00000, 0x00000000da800000, 0x0000000100000000)
  eden space 53248K, 0% used [0x00000000d5d00000,0x00000000d5d00000,0x00000000d9100000)
  from space 5120K, 99% used [0x00000000d9e00000,0x00000000da2f8260,0x00000000da300000)
  to   space 5120K, 0% used [0x00000000da300000,0x00000000da300000,0x00000000da800000)
 ParOldGen       total 119808K, used 54402K [0x0000000081600000, 0x0000000088b00000, 0x00000000d5d00000)
  object space 119808K, 45% used [0x0000000081600000,0x0000000084b20a88,0x0000000088b00000)
 Metaspace       used 34136K, capacity 35448K, committed 35496K, reserved 1079296K
  class space    used 4741K, capacity 5003K, committed 5032K, reserved 1048576K
Event: 15.461 GC heap after
Heap after GC invocations=7 (full 2):
 PSYoungGen      total 58368K, used 0K [0x00000000d5d00000, 0x00000000da800000, 0x0000000100000000)
  eden space 53248K, 0% used [0x00000000d5d00000,0x00000000d5d00000,0x00000000d9100000)
  from space 5120K, 0% used [0x00000000d9e00000,0x00000000d9e00000,0x00000000da300000)
  to   space 5120K, 0% used [0x00000000da300000,0x00000000da300000,0x00000000da800000)
 ParOldGen       total 119808K, used 54633K [0x0000000081600000, 0x0000000088b00000, 0x00000000d5d00000)
  object space 119808K, 45% used [0x0000000081600000,0x0000000084b5a608,0x0000000088b00000)
 Metaspace       used 34136K, capacity 35448K, committed 35496K, reserved 1079296K
  class space    used 4741K, capacity 5003K, committed 5032K, reserved 1048576K
}

Deoptimization events (10 events):
Event: 15.412 Thread 0x000000001afbe800 Uncommon trap: reason=bimorphic action=maybe_recompile pc=0x0000000003b52490 method=javafx.beans.property.BooleanPropertyBase.get()Z @ 23
Event: 15.415 Thread 0x000000001afbe800 Uncommon trap: reason=unstable_if action=reinterpret pc=0x0000000003c14b90 method=javafx.beans.property.ObjectPropertyBase.isBound()Z @ 4
Event: 15.417 Thread 0x000000001afbe800 Uncommon trap: reason=bimorphic action=maybe_recompile pc=0x0000000003b52490 method=javafx.beans.property.BooleanPropertyBase.get()Z @ 23
Event: 15.418 Thread 0x000000001afbe800 Uncommon trap: reason=bimorphic action=maybe_recompile pc=0x0000000003b52490 method=javafx.beans.property.BooleanPropertyBase.get()Z @ 23
Event: 15.466 Thread 0x000000001afbe800 Uncommon trap: reason=bimorphic action=maybe_recompile pc=0x0000000003b52490 method=javafx.beans.property.BooleanPropertyBase.get()Z @ 23
Event: 15.503 Thread 0x000000001afbe800 Uncommon trap: reason=bimorphic action=maybe_recompile pc=0x0000000003d1882c method=javafx.beans.property.DoublePropertyBase.get()D @ 23
Event: 15.503 Thread 0x000000001afbe800 Uncommon trap: reason=bimorphic action=maybe_recompile pc=0x0000000003d1882c method=javafx.beans.property.DoublePropertyBase.get()D @ 23
Event: 15.503 Thread 0x000000001afbe800 Uncommon trap: reason=bimorphic action=maybe_recompile pc=0x0000000003d1882c method=javafx.beans.property.DoublePropertyBase.get()D @ 23
Event: 15.503 Thread 0x000000001afbe800 Uncommon trap: reason=bimorphic action=maybe_recompile pc=0x0000000003d1882c method=javafx.beans.property.DoublePropertyBase.get()D @ 23
Event: 15.510 Thread 0x000000001afc1000 Uncommon trap: reason=class_check action=maybe_recompile pc=0x00000000036becbc method=java.util.concurrent.ConcurrentHashMap.putVal(Ljava/lang/Object;Ljava/lang/Object;Z)Ljava/lang/Object; @ 192

Classes redefined (0 events):
No events

Internal exceptions (10 events):
Event: 0.408 Thread 0x000000001afbe800 Exception <a 'java/lang/ArrayIndexOutOfBoundsException'> (0x00000000d703b110) thrown at [C:\re\workspace\8-2-build-windows-amd64-cygwin\jdk8u201\12322\hotspot\src\share\vm\runtime\sharedRuntime.cpp, line 605]
Event: 0.487 Thread 0x000000001afbe800 Exception <a 'java/lang/ArrayIndexOutOfBoundsException'> (0x00000000d7292318) thrown at [C:\re\workspace\8-2-build-windows-amd64-cygwin\jdk8u201\12322\hotspot\src\share\vm\runtime\sharedRuntime.cpp, line 605]
Event: 0.501 Thread 0x000000001afbe800 Exception <a 'java/lang/ArrayIndexOutOfBoundsException'> (0x00000000d7386008) thrown at [C:\re\workspace\8-2-build-windows-amd64-cygwin\jdk8u201\12322\hotspot\src\share\vm\runtime\sharedRuntime.cpp, line 605]
Event: 0.623 Thread 0x000000001afbe800 Implicit null exception at 0x00000000034fac75 to 0x00000000034fae85
Event: 0.624 Thread 0x000000001afbe800 Implicit null exception at 0x00000000035533ef to 0x0000000003553459
Event: 1.894 Thread 0x000000001afbe800 Exception <a 'java/lang/ArrayIndexOutOfBoundsException'> (0x00000000d7615f68) thrown at [C:\re\workspace\8-2-build-windows-amd64-cygwin\jdk8u201\12322\hotspot\src\share\vm\runtime\sharedRuntime.cpp, line 605]
Event: 1.894 Thread 0x000000001afbe800 Exception <a 'java/lang/ArrayIndexOutOfBoundsException'> (0x00000000d7617150) thrown at [C:\re\workspace\8-2-build-windows-amd64-cygwin\jdk8u201\12322\hotspot\src\share\vm\runtime\sharedRuntime.cpp, line 605]
Event: 1.894 Thread 0x000000001afbe800 Exception <a 'java/lang/ArrayIndexOutOfBoundsException'> (0x00000000d7618ba8) thrown at [C:\re\workspace\8-2-build-windows-amd64-cygwin\jdk8u201\12322\hotspot\src\share\vm\runtime\sharedRuntime.cpp, line 605]
Event: 2.079 Thread 0x000000001afbe800 Implicit null exception at 0x00000000034f5396 to 0x00000000034f5731
Event: 2.464 Thread 0x000000001afbe800 Exception <a 'java/lang/NullPointerException'> (0x00000000d740ebf8) thrown at [C:\re\workspace\8-2-build-windows-amd64-cygwin\jdk8u201\12322\hotspot\src\share\vm\runtime\reflection.cpp, line 922]

Events (10 events):
Event: 15.503 Thread 0x000000001afbe800 DEOPT UNPACKING pc=0x000000000326583b sp=0x000000001c39d530 mode 2
Event: 15.503 Thread 0x000000001afbe800 Uncommon trap: trap_request=0xffffffc6 fr.pc=0x0000000003d1882c
Event: 15.503 Thread 0x000000001afbe800 DEOPT PACKING pc=0x0000000003d1882c sp=0x000000001c39d550
Event: 15.503 Thread 0x000000001afbe800 DEOPT UNPACKING pc=0x000000000326583b sp=0x000000001c39d4e0 mode 2
Event: 15.503 Thread 0x000000001afbe800 Uncommon trap: trap_request=0xffffffc6 fr.pc=0x0000000003d1882c
Event: 15.503 Thread 0x000000001afbe800 DEOPT PACKING pc=0x0000000003d1882c sp=0x000000001c39d5a0
Event: 15.503 Thread 0x000000001afbe800 DEOPT UNPACKING pc=0x000000000326583b sp=0x000000001c39d530 mode 2
Event: 15.510 Thread 0x000000001afc1000 Uncommon trap: trap_request=0xffffffde fr.pc=0x00000000036becbc
Event: 15.510 Thread 0x000000001afc1000 DEOPT PACKING pc=0x00000000036becbc sp=0x000000001ba8dd60
Event: 15.510 Thread 0x000000001afc1000 DEOPT UNPACKING pc=0x000000000326583b sp=0x000000001ba8dce8 mode 2


Dynamic libraries:
0x00007ff786a20000 - 0x00007ff786a57000 	C:\WINDOWS\System32\ADVAPI32.dll
0x00007ffe56840000 - 0x00007ffe56a30000 	C:\WINDOWS\SYSTEM32\ntdll.dll
0x00007ffe55200000 - 0x00007ffe552b2000 	C:\WINDOWS\System32\sechost.dll
0x00007ffe540d0000 - 0x00007ffe54373000 	C:\WINDOWS\System32\RPCRT4.dll
0x00007ffe51580000 - 0x00007ffe5160f000 	C:\WINDOWS\System32\USER32.dll
0x00007ffe56750000 - 0x00007ffe567f3000 	C:\WINDOWS\System32\win32u.dll
0x00007ffe54fe0000 - 0x00007ffe5507e000 	C:\WINDOWS\System32\GDI32.dll
0x00007ffe55080000 - 0x00007ffe55117000 	C:\WINDOWS\System32\gdi32full.dll
0x00007ffe555c0000 - 0x00007ffe556e0000 	C:\WINDOWS\System32\RPCRT4.dll
0x00007ffe56440000 - 0x00007ffe565d4000 	C:\WINDOWS\System32\USER32.dll
0x00007ffe54070000 - 0x00007ffe54091000 	C:\WINDOWS\System32\win32u.dll
0x00007ffe55120000 - 0x00007ffe55146000 	C:\WINDOWS\System32\GDI32.dll
0x00007ffe54700000 - 0x00007ffe54894000 	C:\WINDOWS\System32\gdi32full.dll
0x00007ffe537d0000 - 0x00007ffe5386e000 	C:\WINDOWS\System32\msvcp_win.dll
0x00007ffe54600000 - 0x00007ffe546fa000 	C:\WINDOWS\System32\ucrtbase.dll
0x00007ffe4bd90000 - 0x00007ffe4c015000 	C:\WINDOWS\WinSxS\amd64_microsoft.windows.common-controls_6595b64144ccf1df_6.0.18362.476_none_e6c4b11b130f2595\COMCTL32.dll
0x00007ffe55d50000 - 0x00007ffe56086000 	C:\WINDOWS\System32\combase.dll
0x00007ffe54380000 - 0x00007ffe54400000 	C:\WINDOWS\System32\bcryptPrimitives.dll
0x00007ffe551d0000 - 0x00007ffe551fe000 	C:\WINDOWS\System32\IMM32.DLL
0x0000000073d00000 - 0x0000000073dd1000 	C:\Program Files\Java\jdk1.8.0_201\jre\bin\msvcr100.dll
0x0000000073de0000 - 0x0000000074684000 	C:\Program Files\Java\jdk1.8.0_201\jre\bin\server\jvm.dll
0x00007ffe565e0000 - 0x00007ffe565e8000 	C:\WINDOWS\System32\PSAPI.DLL
0x00007ffe50220000 - 0x00007ffe50229000 	C:\WINDOWS\SYSTEM32\WSOCK32.dll
0x00007ffe514e0000 - 0x00007ffe51504000 	C:\WINDOWS\SYSTEM32\WINMM.dll
0x00007ffe4e9a0000 - 0x00007ffe4e9aa000 	C:\WINDOWS\SYSTEM32\VERSION.dll
0x00007ffe55870000 - 0x00007ffe558df000 	C:\WINDOWS\System32\WS2_32.dll
0x00007ffe514b0000 - 0x00007ffe514dd000 	C:\WINDOWS\SYSTEM32\WINMMBASE.dll
0x00007ffe548a0000 - 0x00007ffe548ea000 	C:\WINDOWS\System32\cfgmgr32.dll
0x00007ffe50210000 - 0x00007ffe5021f000 	C:\Program Files\Java\jdk1.8.0_201\jre\bin\verify.dll
0x00007ffe47280000 - 0x00007ffe472a9000 	C:\Program Files\Java\jdk1.8.0_201\jre\bin\java.dll
0x00007ffe40a30000 - 0x00007ffe40a46000 	C:\Program Files\Java\jdk1.8.0_201\jre\bin\zip.dll
0x00007ffe548f0000 - 0x00007ffe54fd5000 	C:\WINDOWS\System32\SHELL32.dll
0x00007ffe56180000 - 0x00007ffe56229000 	C:\WINDOWS\System32\shcore.dll
0x00007ffe538f0000 - 0x00007ffe5406e000 	C:\WINDOWS\System32\windows.storage.dll
0x00007ffe537b0000 - 0x00007ffe537cf000 	C:\WINDOWS\System32\profapi.dll
0x00007ffe53760000 - 0x00007ffe537aa000 	C:\WINDOWS\System32\powrprof.dll
0x00007ffe53710000 - 0x00007ffe53720000 	C:\WINDOWS\System32\UMPDC.dll
0x00007ffe556e0000 - 0x00007ffe55732000 	C:\WINDOWS\System32\shlwapi.dll
0x00007ffe53720000 - 0x00007ffe53731000 	C:\WINDOWS\System32\kernel.appcore.dll
0x00007ffe538d0000 - 0x00007ffe538e7000 	C:\WINDOWS\System32\cryptsp.dll
0x0000000003100000 - 0x0000000003103000 	C:\Program Files\Java\jdk1.8.0_201\jre\bin\api-ms-win-core-console-l1-1-0.dll
0x000000001b720000 - 0x000000001b723000 	C:\Program Files\Java\jdk1.8.0_201\jre\bin\api-ms-win-core-datetime-l1-1-0.dll
0x000000001b730000 - 0x000000001b733000 	C:\Program Files\Java\jdk1.8.0_201\jre\bin\api-ms-win-core-debug-l1-1-0.dll
0x000000001b740000 - 0x000000001b743000 	C:\Program Files\Java\jdk1.8.0_201\jre\bin\api-ms-win-core-errorhandling-l1-1-0.dll
0x000000001b750000 - 0x000000001b754000 	C:\Program Files\Java\jdk1.8.0_201\jre\bin\api-ms-win-core-file-l1-1-0.dll
0x000000001b760000 - 0x000000001b763000 	C:\Program Files\Java\jdk1.8.0_201\jre\bin\api-ms-win-core-file-l1-2-0.dll
0x000000001b770000 - 0x000000001b773000 	C:\Program Files\Java\jdk1.8.0_201\jre\bin\api-ms-win-core-file-l2-1-0.dll
0x000000001b780000 - 0x000000001b783000 	C:\Program Files\Java\jdk1.8.0_201\jre\bin\api-ms-win-core-handle-l1-1-0.dll
0x000000001b790000 - 0x000000001b793000 	C:\Program Files\Java\jdk1.8.0_201\jre\bin\api-ms-win-core-heap-l1-1-0.dll
0x000000001b7a0000 - 0x000000001b7a3000 	C:\Program Files\Java\jdk1.8.0_201\jre\bin\api-ms-win-core-interlocked-l1-1-0.dll
0x000000001b7b0000 - 0x000000001b7b3000 	C:\Program Files\Java\jdk1.8.0_201\jre\bin\api-ms-win-core-libraryloader-l1-1-0.dll
0x000000001b7c0000 - 0x000000001b7c3000 	C:\Program Files\Java\jdk1.8.0_201\jre\bin\api-ms-win-core-localization-l1-2-0.dll
0x000000001b7d0000 - 0x000000001b7d3000 	C:\Program Files\Java\jdk1.8.0_201\jre\bin\api-ms-win-core-memory-l1-1-0.dll
0x000000001b7e0000 - 0x000000001b7e3000 	C:\Program Files\Java\jdk1.8.0_201\jre\bin\api-ms-win-core-namedpipe-l1-1-0.dll
0x000000001b7f0000 - 0x000000001b7f3000 	C:\Program Files\Java\jdk1.8.0_201\jre\bin\api-ms-win-core-processenvironment-l1-1-0.dll
0x000000001b800000 - 0x000000001b803000 	C:\Program Files\Java\jdk1.8.0_201\jre\bin\api-ms-win-core-processthreads-l1-1-0.dll
0x000000001b810000 - 0x000000001b813000 	C:\Program Files\Java\jdk1.8.0_201\jre\bin\api-ms-win-core-processthreads-l1-1-1.dll
0x000000001b820000 - 0x000000001b823000 	C:\Program Files\Java\jdk1.8.0_201\jre\bin\api-ms-win-core-profile-l1-1-0.dll
0x000000001b830000 - 0x000000001b833000 	C:\Program Files\Java\jdk1.8.0_201\jre\bin\api-ms-win-core-rtlsupport-l1-1-0.dll
0x000000001b840000 - 0x000000001b843000 	C:\Program Files\Java\jdk1.8.0_201\jre\bin\api-ms-win-core-string-l1-1-0.dll
0x000000001b850000 - 0x000000001b853000 	C:\Program Files\Java\jdk1.8.0_201\jre\bin\api-ms-win-core-synch-l1-1-0.dll
0x000000001b860000 - 0x000000001b863000 	C:\Program Files\Java\jdk1.8.0_201\jre\bin\api-ms-win-core-synch-l1-2-0.dll
0x000000001b870000 - 0x000000001b873000 	C:\Program Files\Java\jdk1.8.0_201\jre\bin\api-ms-win-core-sysinfo-l1-1-0.dll
0x000000001b880000 - 0x000000001b883000 	C:\Program Files\Java\jdk1.8.0_201\jre\bin\api-ms-win-core-timezone-l1-1-0.dll
0x000000001b890000 - 0x000000001b893000 	C:\Program Files\Java\jdk1.8.0_201\jre\bin\api-ms-win-core-util-l1-1-0.dll
0x000000001b8a0000 - 0x000000001b8a3000 	C:\Program Files\Java\jdk1.8.0_201\jre\bin\api-ms-win-crt-conio-l1-1-0.dll
0x000000001b8b0000 - 0x000000001b8b4000 	C:\Program Files\Java\jdk1.8.0_201\jre\bin\api-ms-win-crt-convert-l1-1-0.dll
0x000000001b8c0000 - 0x000000001b8c3000 	C:\Program Files\Java\jdk1.8.0_201\jre\bin\api-ms-win-crt-environment-l1-1-0.dll
0x000000001b8d0000 - 0x000000001b8d3000 	C:\Program Files\Java\jdk1.8.0_201\jre\bin\api-ms-win-crt-filesystem-l1-1-0.dll
0x000000001b8e0000 - 0x000000001b8e3000 	C:\Program Files\Java\jdk1.8.0_201\jre\bin\api-ms-win-crt-heap-l1-1-0.dll
0x000000001b8f0000 - 0x000000001b8f3000 	C:\Program Files\Java\jdk1.8.0_201\jre\bin\api-ms-win-crt-locale-l1-1-0.dll
0x000000001b900000 - 0x000000001b905000 	C:\Program Files\Java\jdk1.8.0_201\jre\bin\api-ms-win-crt-math-l1-1-0.dll
0x000000001b910000 - 0x000000001b915000 	C:\Program Files\Java\jdk1.8.0_201\jre\bin\api-ms-win-crt-multibyte-l1-1-0.dll
0x000000001b920000 - 0x000000001b930000 	C:\Program Files\Java\jdk1.8.0_201\jre\bin\api-ms-win-crt-private-l1-1-0.dll
0x000000001b930000 - 0x000000001b933000 	C:\Program Files\Java\jdk1.8.0_201\jre\bin\api-ms-win-crt-process-l1-1-0.dll
0x000000001b940000 - 0x000000001b944000 	C:\Program Files\Java\jdk1.8.0_201\jre\bin\api-ms-win-crt-runtime-l1-1-0.dll
0x000000001b950000 - 0x000000001b954000 	C:\Program Files\Java\jdk1.8.0_201\jre\bin\api-ms-win-crt-stdio-l1-1-0.dll
0x000000001b960000 - 0x000000001b964000 	C:\Program Files\Java\jdk1.8.0_201\jre\bin\api-ms-win-crt-string-l1-1-0.dll
0x000000001b970000 - 0x000000001b973000 	C:\Program Files\Java\jdk1.8.0_201\jre\bin\api-ms-win-crt-time-l1-1-0.dll
0x000000001b980000 - 0x000000001b983000 	C:\Program Files\Java\jdk1.8.0_201\jre\bin\concrt140.dll
0x00007ffdff360000 - 0x00007ffdff456000 	C:\Program Files\Java\jdk1.8.0_201\jre\bin\prism_d3d.dll
0x00007ffe40180000 - 0x00007ffe40196000 	C:\Program Files\Java\jdk1.8.0_201\jre\bin\vcruntime140.dll
0x00007ffe23a90000 - 0x00007ffe23b2c000 	C:\WINDOWS\System32\sechost.dll
0x00007ffe34710000 - 0x00007ffe34761000 	C:\WINDOWS\System32\msvcp_win.dll
0x00007ffe346e0000 - 0x00007ffe34703000 	C:\WINDOWS\System32\bcryptPrimitives.dll
0x00007ffe48c30000 - 0x00007ffe48df7000 	C:\WINDOWS\System32\PSAPI.DLL
0x00007ffe51cb0000 - 0x00007ffe51cdd000 	C:\WINDOWS\System32\WS2_32.dll
0x00007ffe52440000 - 0x00007ffe52460000 	C:\Program Files\Java\jdk1.8.0_201\jre\bin\verify.dll
0x00007ffe51020000 - 0x00007ffe510b9000 	C:\WINDOWS\System32\SHELL32.dll
0x00007ffe4e8b0000 - 0x00007ffe4e99e000 	C:\WINDOWS\System32\windows.storage.dll
0x00007ffe54400000 - 0x00007ffe54549000 	C:\WINDOWS\System32\UMPDC.dll
0x00007ffe53740000 - 0x00007ffe53752000 	C:\WINDOWS\System32\kernel.appcore.dll
0x00007ffe53870000 - 0x00007ffe538cc000 	C:\Program Files\Java\jdk1.8.0_201\jre\bin\api-ms-win-core-console-l1-1-0.dll
0x00007ffe56150000 - 0x00007ffe5616d000 	C:\Program Files\Java\jdk1.8.0_201\jre\bin\api-ms-win-core-errorhandling-l1-1-0.dll
0x00007ffe52a90000 - 0x00007ffe52ac3000 	C:\Program Files\Java\jdk1.8.0_201\jre\bin\api-ms-win-core-file-l1-2-0.dll
0x00007ffe540a0000 - 0x00007ffe540c6000 	C:\Program Files\Java\jdk1.8.0_201\jre\bin\api-ms-win-core-handle-l1-1-0.dll
0x00007ffe53150000 - 0x00007ffe5315c000 	C:\Program Files\Java\jdk1.8.0_201\jre\bin\api-ms-win-core-interlocked-l1-1-0.dll
0x00007ffe2eb10000 - 0x00007ffe2ffab000 	C:\Program Files\Java\jdk1.8.0_201\jre\bin\api-ms-win-core-localization-l1-2-0.dll
0x00007ffe34690000 - 0x00007ffe346d9000 	C:\Program Files\Java\jdk1.8.0_201\jre\bin\api-ms-win-core-namedpipe-l1-1-0.dll
0x00007ffe56370000 - 0x00007ffe56440000 	C:\WINDOWS\System32\COMDLG32.dll
0x00007ffe565f0000 - 0x00007ffe56746000 	C:\Program Files\Java\jdk1.8.0_201\jre\bin\api-ms-win-core-processthreads-l1-1-1.dll
0x00007ffe55340000 - 0x00007ffe55404000 	C:\Program Files\Java\jdk1.8.0_201\jre\bin\api-ms-win-core-rtlsupport-l1-1-0.dll
0x00007ffe56230000 - 0x00007ffe56366000 	C:\Program Files\Java\jdk1.8.0_201\jre\bin\api-ms-win-core-synch-l1-1-0.dll
0x00007ffe523f0000 - 0x00007ffe52412000 	C:\Program Files\Java\jdk1.8.0_201\jre\bin\api-ms-win-core-sysinfo-l1-1-0.dll
0x00007ffe40c90000 - 0x00007ffe40cbf000 	C:\Program Files\Java\jdk1.8.0_201\jre\bin\api-ms-win-core-timezone-l1-1-0.dll
0x00007ffe43550000 - 0x00007ffe43564000 	C:\Program Files\Java\jdk1.8.0_201\jre\bin\api-ms-win-crt-conio-l1-1-0.dll
0x00007ffe2b3a0000 - 0x00007ffe2b3c6000 	C:\Program Files\Java\jdk1.8.0_201\jre\bin\javafx_iio.dll
0x00007ffe49510000 - 0x00007ffe4980e000 	C:\Program Files\Java\jdk1.8.0_201\jre\bin\api-ms-win-crt-filesystem-l1-1-0.dll
0x00007ffe557c0000 - 0x00007ffe55862000 	C:\Program Files\Java\jdk1.8.0_201\jre\bin\api-ms-win-crt-locale-l1-1-0.dll
0x00007ffe4e6c0000 - 0x00007ffe4e86f000 	C:\Program Files\Java\jdk1.8.0_201\jre\bin\api-ms-win-crt-math-l1-1-0.dll
0x00007ffe47450000 - 0x00007ffe4748a000 	C:\Program Files\Java\jdk1.8.0_201\jre\bin\api-ms-win-crt-private-l1-1-0.dll
0x00007ffe50720000 - 0x00007ffe5097b000 	C:\WINDOWS\system32\d3d11.dll
0x00007ffe50980000 - 0x00007ffe50b5b000 	C:\Program Files\Java\jdk1.8.0_201\jre\bin\api-ms-win-crt-stdio-l1-1-0.dll
0x00007ffe524d0000 - 0x00007ffe525bb000 	C:\WINDOWS\system32\dxgi.dll
0x00007ffe51960000 - 0x00007ffe51bba000 	C:\Program Files\Java\jdk1.8.0_201\jre\bin\api-ms-win-crt-utility-l1-1-0.dll
0x00007ffe51e70000 - 0x00007ffe51e99000 	C:\WINDOWS\system32\RMCLIENT.dll
0x00007ffe466d0000 - 0x00007ffe46703000 	C:\Program Files\Java\jdk1.8.0_201\jre\bin\msvcp140.dll
0x00007ffe4ee20000 - 0x00007ffe4eebe000 	C:\WINDOWS\System32\TextInputFramework.dll
0x00007ffe4e9b0000 - 0x00007ffe4ecda000 	C:\WINDOWS\System32\CoreUIComponents.dll
0x00007ffe513a0000 - 0x00007ffe51474000 	C:\WINDOWS\System32\gdi32full.dll
0x00007ffe52770000 - 0x00007ffe527a1000 	C:\WINDOWS\System32\IMM32.DLL
0x00007ffe4efc0000 - 0x00007ffe4f113000 	C:\WINDOWS\SYSTEM32\VERSION.dll
0x00007ffe46e10000 - 0x00007ffe470b6000 	C:\Program Files\Java\jdk1.8.0_201\jre\bin\verify.dll
0x00007ffe4aca0000 - 0x00007ffe4b260000 	C:\WINDOWS\System32\shcore.dll
0x00007ffe36020000 - 0x00007ffe36761000 	C:\WINDOWS\System32\UMPDC.dll
0x00007ffe37aa0000 - 0x00007ffe37ab2000 	C:\WINDOWS\System32\cryptsp.dll
0x00007ffe3c010000 - 0x00007ffe3c02a000 	C:\Program Files\Java\jdk1.8.0_201\jre\bin\api-ms-win-core-debug-l1-1-0.dll
0x00007ffe4b260000 - 0x00007ffe4b436000 	C:\Program Files\Java\jdk1.8.0_201\jre\bin\api-ms-win-core-file-l1-2-0.dll

VM Arguments:
jvm_args: -Dfile.encoding=UTF-8 
java_command: C:\Users\thamt\Documents\NetBeansProjects\QuanLyChuyenBay\dist\run1652683678\QuanLyChuyenBay.jar
java_class_path (initial): C:\Users\thamt\Documents\NetBeansProjects\QuanLyChuyenBay\dist\run1652683678\QuanLyChuyenBay.jar
Launcher Type: SUN_STANDARD

Environment Variables:
JAVA_HOME=C:\Program Files\Java\jdk1.8.0_201
PATH=C:\Program Files (x86)\Common Files\Oracle\Java\javapath;C:\Program Files (x86)\Microsoft SQL Server\110\Tools\Binn\;C:\Program Files (x86)\Microsoft SQL Server\110\DTS\Binn\;C:\Program Files (x86)\Microsoft SQL Server\110\Tools\Binn\ManagementStudio\;C:\Program Files (x86)\Microsoft Visual Studio 10.0\Common7\IDE\PrivateAssemblies\;C:\Gradle\gradle-4.10.3\bin;;%SystemRoot%\system32;%SystemRoot%;%SystemRoot%\System32\Wbem;%SYSTEMROOT%\System32\WindowsPowerShell\v1.0\;%SYSTEMROOT%\System32\OpenSSH\;C:\Users\thamt\AppData\Local\Microsoft\WindowsApps;
USERNAME=thamt
OS=Windows_NT
PROCESSOR_IDENTIFIER=Intel64 Family 6 Model 158 Stepping 9, GenuineIntel



---------------  S Y S T E M  ---------------

OS: Windows 10.0 , 64 bit Build 18362 (10.0.18362.329)

CPU:total 8 (initial active 8) (4 cores per cpu, 2 threads per core) family 6 model 158 stepping 9, cmov, cx8, fxsr, mmx, sse, sse2, sse3, ssse3, sse4.1, sse4.2, popcnt, avx, avx2, aes, clmul, erms, rtm, 3dnowpref, lzcnt, ht, tsc, tscinvbit, bmi1, bmi2, adx

Memory: 4k page, physical 8298000k(609360k free), swap 33463824k(4088k free)

vm_info: Java HotSpot(TM) 64-Bit Server VM (25.201-b09) for windows-amd64 JRE (1.8.0_201-b09), built on Dec 15 2018 18:36:39 by "java_re" with MS VC++ 10.0 (VS2010)

time: Thu Dec 12 22:17:34 2019
timezone: SE Asia Standard Time
elapsed time: 15 seconds (0d 0h 0m 15s)

