#
# There is insufficient memory for the Java Runtime Environment to continue.
# Native memory allocation (malloc) failed to allocate 701936 bytes for Chunk::new
# Possible reasons:
#   The system is out of physical RAM or swap space
#   The process is running with CompressedOops enabled, and the Java Heap may be blocking the growth of the native heap
# Possible solutions:
#   Reduce memory load on the system
#   Increase physical memory or swap space
#   Check if swap backing store is full
#   Decrease Java heap size (-Xmx/-Xms)
#   Decrease number of Java threads
#   Decrease Java thread stack sizes (-Xss)
#   Set larger code cache with -XX:ReservedCodeCacheSize=
#   JVM is running with Unscaled Compressed Oops mode in which the Java heap is
#     placed in the first 4GB address space. The Java Heap base address is the
#     maximum limit for the native heap growth. Please use -XX:HeapBaseMinAddress
#     to set the Java Heap base and to place the Java Heap above 4GB virtual address.
# This output file may be truncated or incomplete.
#
#  Out of Memory Error (allocation.cpp:390), pid=523008, tid=0x000000000007f68c
#
# JRE version: Java(TM) SE Runtime Environment (8.0_201-b09) (build 1.8.0_201-b09)
# Java VM: Java HotSpot(TM) 64-Bit Server VM (25.201-b09 mixed mode windows-amd64 compressed oops)
# Failed to write core dump. Minidumps are not enabled by default on client versions of Windows
#

---------------  T H R E A D  ---------------

Current thread (0x0000000019a37800):  JavaThread "C2 CompilerThread1" daemon [_thread_in_native, id=521868, stack(0x000000001a400000,0x000000001a500000)]

Stack: [0x000000001a400000,0x000000001a500000]
[error occurred during error reporting (printing stack bounds), id 0xc0000005]

Native frames: (J=compiled Java code, j=interpreted, Vv=VM code, C=native code)


Current CompileTask:
C2:  11014 3780       4       com.sun.javafx.css.CompoundSelector::applies (144 bytes)


---------------  P R O C E S S  ---------------

Java Threads: ( => current thread )
  0x0000000019a8a000 JavaThread "pool-2-thread-1" [_thread_blocked, id=522984, stack(0x000000002e2d0000,0x000000002e3d0000)]
  0x0000000019a8b800 JavaThread "mysql-cj-abandoned-connection-cleanup" daemon [_thread_blocked, id=522760, stack(0x000000002dbd0000,0x000000002dcd0000)]
  0x0000000019a88800 JavaThread "Prism Font Disposer" daemon [_thread_blocked, id=479652, stack(0x0000000025a20000,0x0000000025b20000)]
  0x0000000019a87800 JavaThread "Thread-3" daemon [_thread_in_native, id=522936, stack(0x0000000024500000,0x0000000024600000)]
  0x000000001ab8d800 JavaThread "JavaFX-Launcher" [_thread_blocked, id=479660, stack(0x0000000024600000,0x0000000024700000)]
  0x000000001ab28000 JavaThread "JavaFX Application Thread" [_thread_blocked, id=522556, stack(0x000000001bbe0000,0x000000001bce0000)]
  0x000000001ab1b000 JavaThread "Thread-1" daemon [_thread_blocked, id=522220, stack(0x000000001bae0000,0x000000001bbe0000)]
  0x0000000019dfd800 JavaThread "QuantumRenderer-0" daemon [_thread_in_vm, id=522328, stack(0x000000001b310000,0x000000001b410000)]
  0x0000000019b0f800 JavaThread "Service Thread" daemon [_thread_blocked, id=522152, stack(0x000000001a700000,0x000000001a800000)]
  0x0000000019a87000 JavaThread "C1 CompilerThread3" daemon [_thread_blocked, id=521876, stack(0x000000001a600000,0x000000001a700000)]
  0x0000000019a80000 JavaThread "C2 CompilerThread2" daemon [_thread_in_native, id=522744, stack(0x000000001a500000,0x000000001a600000)]
=>0x0000000019a37800 JavaThread "C2 CompilerThread1" daemon [_thread_in_native, id=521868, stack(0x000000001a400000,0x000000001a500000)]
  0x0000000019a32000 JavaThread "C2 CompilerThread0" daemon [_thread_in_native, id=521872, stack(0x000000001a300000,0x000000001a400000)]
  0x0000000019a2f000 JavaThread "Attach Listener" daemon [_thread_blocked, id=521692, stack(0x000000001a200000,0x000000001a300000)]
  0x0000000019a7c800 JavaThread "Signal Dispatcher" daemon [_thread_blocked, id=522732, stack(0x000000001a100000,0x000000001a200000)]
  0x0000000002c89000 JavaThread "Finalizer" daemon [_thread_blocked, id=521644, stack(0x0000000019f00000,0x000000001a000000)]
  0x0000000002c86000 JavaThread "Reference Handler" daemon [_thread_blocked, id=521640, stack(0x0000000019e00000,0x0000000019f00000)]
  0x0000000002b92800 JavaThread "main" [_thread_blocked, id=523140, stack(0x0000000002a90000,0x0000000002b90000)]

Other Threads:
  0x0000000017c39000 VMThread [stack: 0x0000000019900000,0x0000000019a00000] [id=521628]
  0x0000000019b3b800 WatcherThread [stack: 0x000000001a800000,0x000000001a900000] [id=521880]

VM state:not at safepoint (normal execution)

VM Mutex/Monitor currently owned by a thread:  ([mutex/lock_event])
[0x0000000002a8db50] AdapterHandlerLibrary_lock - owner thread: 0x0000000019dfd800

heap address: 0x0000000081600000, size: 2026 MB, Compressed Oops mode: 32-bit
Narrow klass base: 0x0000000000000000, Narrow klass shift: 3
Compressed class space size: 1073741824 Address: 0x0000000100000000

Heap:
 PSYoungGen      total 61952K, used 3971K [0x00000000d5d00000, 0x00000000da800000, 0x0000000100000000)
  eden space 56832K, 6% used [0x00000000d5d00000,0x00000000d60e0d60,0x00000000d9480000)
  from space 5120K, 0% used [0x00000000d9e00000,0x00000000d9e00000,0x00000000da300000)
  to   space 5120K, 0% used [0x00000000da300000,0x00000000da300000,0x00000000da800000)
 ParOldGen       total 136704K, used 54664K [0x0000000081600000, 0x0000000089b80000, 0x00000000d5d00000)
  object space 136704K, 39% used [0x0000000081600000,0x0000000084b62080,0x0000000089b80000)
 Metaspace       used 34560K, capacity 36034K, committed 36136K, reserved 1081344K
  class space    used 4804K, capacity 5096K, committed 5160K, reserved 1048576K

Card table byte_map: [0x0000000012050000,0x0000000012450000] byte_map_base: 0x0000000011c45000

Marking Bits: (ParMarkBitMap*) 0x0000000074604ce0
 Begin Bits: [0x0000000012f00000, 0x0000000014ea8000)
 End Bits:   [0x0000000014ea8000, 0x0000000016e50000)

Polling page: 0x00000000007f0000

CodeCache: size=245760Kb used=11944Kb max_used=11944Kb free=233815Kb
 bounds [0x0000000002c90000, 0x0000000003850000, 0x0000000011c90000]
 total_blobs=4693 nmethods=3857 adapters=747
 compilation: enabled

Compilation events (10 events):
Event: 10.999 Thread 0x0000000019a87000 3868       3       com.sun.javafx.sg.prism.NGNode::setParent (7 bytes)
Event: 10.999 Thread 0x0000000019a87000 nmethod 3868 0x0000000003834310 code [0x0000000003834460, 0x0000000003834630]
Event: 10.999 Thread 0x0000000019a87000 3869       3       com.sun.javafx.sg.prism.NGNode::markTreeDirtyNoIncrement (32 bytes)
Event: 10.999 Thread 0x0000000019a87000 nmethod 3869 0x00000000038346d0 code [0x0000000003834840, 0x0000000003834b08]
Event: 10.999 Thread 0x0000000019a87000 3871       3       com.sun.prism.d3d.D3DTexture::update (216 bytes)
Event: 11.001 Thread 0x0000000019a87000 nmethod 3871 0x0000000003834bd0 code [0x0000000003834fc0, 0x0000000003837f78]
Event: 11.001 Thread 0x0000000019a87000 3872       3       com.sun.javafx.font.directwrite.DWGlyph::getD2DMask (687 bytes)
Event: 11.004 Thread 0x0000000019a87000 nmethod 3872 0x0000000003839b50 code [0x000000000383a140, 0x000000000383dac8]
Event: 11.004 Thread 0x0000000019a87000 3873       3       com.sun.prism.impl.ps.BaseShaderContext::isSuperShaderEnabled (48 bytes)
Event: 11.004 Thread 0x0000000019a87000 nmethod 3873 0x0000000003841290 code [0x0000000003841400, 0x0000000003841790]

GC Heap History (10 events):
Event: 4.441 GC heap before
{Heap before GC invocations=3 (full 0):
 PSYoungGen      total 38400K, used 28443K [0x00000000d5d00000, 0x00000000d8780000, 0x0000000100000000)
  eden space 33280K, 70% used [0x00000000d5d00000,0x00000000d73cbdb8,0x00000000d7d80000)
  from space 5120K, 99% used [0x00000000d8280000,0x00000000d877b138,0x00000000d8780000)
  to   space 5120K, 0% used [0x00000000d7d80000,0x00000000d7d80000,0x00000000d8280000)
 ParOldGen       total 87552K, used 39901K [0x0000000081600000, 0x0000000086b80000, 0x00000000d5d00000)
  object space 87552K, 45% used [0x0000000081600000,0x0000000083cf7410,0x0000000086b80000)
 Metaspace       used 20426K, capacity 21200K, committed 21296K, reserved 1067008K
  class space    used 2999K, capacity 3189K, committed 3200K, reserved 1048576K
Event: 4.446 GC heap after
Heap after GC invocations=3 (full 0):
 PSYoungGen      total 38400K, used 5109K [0x00000000d5d00000, 0x00000000da800000, 0x0000000100000000)
  eden space 33280K, 0% used [0x00000000d5d00000,0x00000000d5d00000,0x00000000d7d80000)
  from space 5120K, 99% used [0x00000000d7d80000,0x00000000d827d520,0x00000000d8280000)
  to   space 5120K, 0% used [0x00000000da300000,0x00000000da300000,0x00000000da800000)
 ParOldGen       total 87552K, used 43279K [0x0000000081600000, 0x0000000086b80000, 0x00000000d5d00000)
  object space 87552K, 49% used [0x0000000081600000,0x0000000084043cb0,0x0000000086b80000)
 Metaspace       used 20426K, capacity 21200K, committed 21296K, reserved 1067008K
  class space    used 2999K, capacity 3189K, committed 3200K, reserved 1048576K
}
Event: 4.446 GC heap before
{Heap before GC invocations=4 (full 1):
 PSYoungGen      total 38400K, used 5109K [0x00000000d5d00000, 0x00000000da800000, 0x0000000100000000)
  eden space 33280K, 0% used [0x00000000d5d00000,0x00000000d5d00000,0x00000000d7d80000)
  from space 5120K, 99% used [0x00000000d7d80000,0x00000000d827d520,0x00000000d8280000)
  to   space 5120K, 0% used [0x00000000da300000,0x00000000da300000,0x00000000da800000)
 ParOldGen       total 87552K, used 43279K [0x0000000081600000, 0x0000000086b80000, 0x00000000d5d00000)
  object space 87552K, 49% used [0x0000000081600000,0x0000000084043cb0,0x0000000086b80000)
 Metaspace       used 20426K, capacity 21200K, committed 21296K, reserved 1067008K
  class space    used 2999K, capacity 3189K, committed 3200K, reserved 1048576K
Event: 4.467 GC heap after
Heap after GC invocations=4 (full 1):
 PSYoungGen      total 38400K, used 0K [0x00000000d5d00000, 0x00000000da800000, 0x0000000100000000)
  eden space 33280K, 0% used [0x00000000d5d00000,0x00000000d5d00000,0x00000000d7d80000)
  from space 5120K, 0% used [0x00000000d7d80000,0x00000000d7d80000,0x00000000d8280000)
  to   space 5120K, 0% used [0x00000000da300000,0x00000000da300000,0x00000000da800000)
 ParOldGen       total 116224K, used 46066K [0x0000000081600000, 0x0000000088780000, 0x00000000d5d00000)
  object space 116224K, 39% used [0x0000000081600000,0x00000000842fc848,0x0000000088780000)
 Metaspace       used 20426K, capacity 21200K, committed 21296K, reserved 1067008K
  class space    used 2999K, capacity 3189K, committed 3200K, reserved 1048576K
}
Event: 5.061 GC heap before
{Heap before GC invocations=5 (full 1):
 PSYoungGen      total 38400K, used 33280K [0x00000000d5d00000, 0x00000000da800000, 0x0000000100000000)
  eden space 33280K, 100% used [0x00000000d5d00000,0x00000000d7d80000,0x00000000d7d80000)
  from space 5120K, 0% used [0x00000000d7d80000,0x00000000d7d80000,0x00000000d8280000)
  to   space 5120K, 0% used [0x00000000da300000,0x00000000da300000,0x00000000da800000)
 ParOldGen       total 116224K, used 46066K [0x0000000081600000, 0x0000000088780000, 0x00000000d5d00000)
  object space 116224K, 39% used [0x0000000081600000,0x00000000842fc848,0x0000000088780000)
 Metaspace       used 27736K, capacity 28588K, committed 28672K, reserved 1073152K
  class space    used 3846K, capacity 4063K, committed 4096K, reserved 1048576K
Event: 5.067 GC heap after
Heap after GC invocations=5 (full 1):
 PSYoungGen      total 61952K, used 5115K [0x00000000d5d00000, 0x00000000da800000, 0x0000000100000000)
  eden space 56832K, 0% used [0x00000000d5d00000,0x00000000d5d00000,0x00000000d9480000)
  from space 5120K, 99% used [0x00000000da300000,0x00000000da7fed20,0x00000000da800000)
  to   space 5120K, 0% used [0x00000000d9e00000,0x00000000d9e00000,0x00000000da300000)
 ParOldGen       total 116224K, used 48350K [0x0000000081600000, 0x0000000088780000, 0x00000000d5d00000)
  object space 116224K, 41% used [0x0000000081600000,0x0000000084537980,0x0000000088780000)
 Metaspace       used 27736K, capacity 28588K, committed 28672K, reserved 1073152K
  class space    used 3846K, capacity 4063K, committed 4096K, reserved 1048576K
}
Event: 10.895 GC heap before
{Heap before GC invocations=6 (full 1):
 PSYoungGen      total 61952K, used 47479K [0x00000000d5d00000, 0x00000000da800000, 0x0000000100000000)
  eden space 56832K, 74% used [0x00000000d5d00000,0x00000000d865f1b8,0x00000000d9480000)
  from space 5120K, 99% used [0x00000000da300000,0x00000000da7fed20,0x00000000da800000)
  to   space 5120K, 0% used [0x00000000d9e00000,0x00000000d9e00000,0x00000000da300000)
 ParOldGen       total 116224K, used 48350K [0x0000000081600000, 0x0000000088780000, 0x00000000d5d00000)
  object space 116224K, 41% used [0x0000000081600000,0x0000000084537980,0x0000000088780000)
 Metaspace       used 34144K, capacity 35424K, committed 35496K, reserved 1079296K
  class space    used 4729K, capacity 4995K, committed 5032K, reserved 1048576K
Event: 10.901 GC heap after
Heap after GC invocations=6 (full 1):
 PSYoungGen      total 61952K, used 5104K [0x00000000d5d00000, 0x00000000da800000, 0x0000000100000000)
  eden space 56832K, 0% used [0x00000000d5d00000,0x00000000d5d00000,0x00000000d9480000)
  from space 5120K, 99% used [0x00000000d9e00000,0x00000000da2fc240,0x00000000da300000)
  to   space 5120K, 0% used [0x00000000da300000,0x00000000da300000,0x00000000da800000)
 ParOldGen       total 116224K, used 54443K [0x0000000081600000, 0x0000000088780000, 0x00000000d5d00000)
  object space 116224K, 46% used [0x0000000081600000,0x0000000084b2acb0,0x0000000088780000)
 Metaspace       used 34144K, capacity 35424K, committed 35496K, reserved 1079296K
  class space    used 4729K, capacity 4995K, committed 5032K, reserved 1048576K
}
Event: 10.901 GC heap before
{Heap before GC invocations=7 (full 2):
 PSYoungGen      total 61952K, used 5104K [0x00000000d5d00000, 0x00000000da800000, 0x0000000100000000)
  eden space 56832K, 0% used [0x00000000d5d00000,0x00000000d5d00000,0x00000000d9480000)
  from space 5120K, 99% used [0x00000000d9e00000,0x00000000da2fc240,0x00000000da300000)
  to   space 5120K, 0% used [0x00000000da300000,0x00000000da300000,0x00000000da800000)
 ParOldGen       total 116224K, used 54443K [0x0000000081600000, 0x0000000088780000, 0x00000000d5d00000)
  object space 116224K, 46% used [0x0000000081600000,0x0000000084b2acb0,0x0000000088780000)
 Metaspace       used 34144K, capacity 35424K, committed 35496K, reserved 1079296K
  class space    used 4729K, capacity 4995K, committed 5032K, reserved 1048576K
Event: 10.939 GC heap after
Heap after GC invocations=7 (full 2):
 PSYoungGen      total 61952K, used 0K [0x00000000d5d00000, 0x00000000da800000, 0x0000000100000000)
  eden space 56832K, 0% used [0x00000000d5d00000,0x00000000d5d00000,0x00000000d9480000)
  from space 5120K, 0% used [0x00000000d9e00000,0x00000000d9e00000,0x00000000da300000)
  to   space 5120K, 0% used [0x00000000da300000,0x00000000da300000,0x00000000da800000)
 ParOldGen       total 136704K, used 54664K [0x0000000081600000, 0x0000000089b80000, 0x00000000d5d00000)
  object space 136704K, 39% used [0x0000000081600000,0x0000000084b62080,0x0000000089b80000)
 Metaspace       used 34144K, capacity 35424K, committed 35496K, reserved 1079296K
  class space    used 4729K, capacity 4995K, committed 5032K, reserved 1048576K
}

Deoptimization events (10 events):
Event: 10.888 Thread 0x000000001ab28000 Uncommon trap: reason=bimorphic action=maybe_recompile pc=0x00000000035ba508 method=javafx.beans.property.BooleanPropertyBase.get()Z @ 23
Event: 10.891 Thread 0x000000001ab28000 Uncommon trap: reason=unstable_if action=reinterpret pc=0x0000000003614fd0 method=javafx.beans.property.ObjectPropertyBase.isBound()Z @ 4
Event: 10.893 Thread 0x000000001ab28000 Uncommon trap: reason=bimorphic action=maybe_recompile pc=0x00000000035ba508 method=javafx.beans.property.BooleanPropertyBase.get()Z @ 23
Event: 10.894 Thread 0x000000001ab28000 Uncommon trap: reason=bimorphic action=maybe_recompile pc=0x00000000035ba508 method=javafx.beans.property.BooleanPropertyBase.get()Z @ 23
Event: 10.945 Thread 0x000000001ab28000 Uncommon trap: reason=bimorphic action=maybe_recompile pc=0x00000000035ba508 method=javafx.beans.property.BooleanPropertyBase.get()Z @ 23
Event: 10.988 Thread 0x000000001ab28000 Uncommon trap: reason=bimorphic action=maybe_recompile pc=0x000000000369ba3c method=javafx.beans.property.DoublePropertyBase.get()D @ 23
Event: 10.988 Thread 0x000000001ab28000 Uncommon trap: reason=bimorphic action=maybe_recompile pc=0x000000000369ba3c method=javafx.beans.property.DoublePropertyBase.get()D @ 23
Event: 10.988 Thread 0x000000001ab28000 Uncommon trap: reason=bimorphic action=maybe_recompile pc=0x000000000369ba3c method=javafx.beans.property.DoublePropertyBase.get()D @ 23
Event: 10.988 Thread 0x000000001ab28000 Uncommon trap: reason=bimorphic action=maybe_recompile pc=0x000000000369ba3c method=javafx.beans.property.DoublePropertyBase.get()D @ 23
Event: 10.996 Thread 0x0000000019dfd800 Uncommon trap: reason=class_check action=maybe_recompile pc=0x000000000312cd7c method=java.util.concurrent.ConcurrentHashMap.putVal(Ljava/lang/Object;Ljava/lang/Object;Z)Ljava/lang/Object; @ 192

Classes redefined (0 events):
No events

Internal exceptions (10 events):
Event: 0.432 Thread 0x000000001ab28000 Exception <a 'java/lang/ArrayIndexOutOfBoundsException'> (0x00000000d703cb50) thrown at [C:\re\workspace\8-2-build-windows-amd64-cygwin\jdk8u201\12322\hotspot\src\share\vm\runtime\sharedRuntime.cpp, line 605]
Event: 0.521 Thread 0x000000001ab28000 Exception <a 'java/lang/ArrayIndexOutOfBoundsException'> (0x00000000d7294f08) thrown at [C:\re\workspace\8-2-build-windows-amd64-cygwin\jdk8u201\12322\hotspot\src\share\vm\runtime\sharedRuntime.cpp, line 605]
Event: 0.543 Thread 0x000000001ab28000 Exception <a 'java/lang/ArrayIndexOutOfBoundsException'> (0x00000000d7388b28) thrown at [C:\re\workspace\8-2-build-windows-amd64-cygwin\jdk8u201\12322\hotspot\src\share\vm\runtime\sharedRuntime.cpp, line 605]
Event: 0.688 Thread 0x000000001ab28000 Implicit null exception at 0x0000000002f65175 to 0x0000000002f65385
Event: 0.689 Thread 0x000000001ab28000 Implicit null exception at 0x0000000002f1e6ef to 0x0000000002f1e759
Event: 4.246 Thread 0x000000001ab28000 Exception <a 'java/lang/ArrayIndexOutOfBoundsException'> (0x00000000d766a798) thrown at [C:\re\workspace\8-2-build-windows-amd64-cygwin\jdk8u201\12322\hotspot\src\share\vm\runtime\sharedRuntime.cpp, line 605]
Event: 4.246 Thread 0x000000001ab28000 Exception <a 'java/lang/ArrayIndexOutOfBoundsException'> (0x00000000d766b980) thrown at [C:\re\workspace\8-2-build-windows-amd64-cygwin\jdk8u201\12322\hotspot\src\share\vm\runtime\sharedRuntime.cpp, line 605]
Event: 4.246 Thread 0x000000001ab28000 Exception <a 'java/lang/ArrayIndexOutOfBoundsException'> (0x00000000d766d3d8) thrown at [C:\re\workspace\8-2-build-windows-amd64-cygwin\jdk8u201\12322\hotspot\src\share\vm\runtime\sharedRuntime.cpp, line 605]
Event: 4.476 Thread 0x000000001ab28000 Implicit null exception at 0x0000000002f5ffd9 to 0x0000000002f60389
Event: 4.984 Thread 0x000000001ab28000 Exception <a 'java/lang/NullPointerException'> (0x00000000d74478e8) thrown at [C:\re\workspace\8-2-build-windows-amd64-cygwin\jdk8u201\12322\hotspot\src\share\vm\runtime\reflection.cpp, line 922]

Events (10 events):
Event: 10.988 Thread 0x000000001ab28000 DEOPT UNPACKING pc=0x0000000002cd583b sp=0x000000001bcdd320 mode 2
Event: 10.988 Thread 0x000000001ab28000 Uncommon trap: trap_request=0xffffffc6 fr.pc=0x000000000369ba3c
Event: 10.988 Thread 0x000000001ab28000 DEOPT PACKING pc=0x000000000369ba3c sp=0x000000001bcdd340
Event: 10.988 Thread 0x000000001ab28000 DEOPT UNPACKING pc=0x0000000002cd583b sp=0x000000001bcdd2d0 mode 2
Event: 10.988 Thread 0x000000001ab28000 Uncommon trap: trap_request=0xffffffc6 fr.pc=0x000000000369ba3c
Event: 10.988 Thread 0x000000001ab28000 DEOPT PACKING pc=0x000000000369ba3c sp=0x000000001bcdd390
Event: 10.988 Thread 0x000000001ab28000 DEOPT UNPACKING pc=0x0000000002cd583b sp=0x000000001bcdd320 mode 2
Event: 10.996 Thread 0x0000000019dfd800 Uncommon trap: trap_request=0xffffffde fr.pc=0x000000000312cd7c
Event: 10.996 Thread 0x0000000019dfd800 DEOPT PACKING pc=0x000000000312cd7c sp=0x000000001b40dfd0
Event: 10.996 Thread 0x0000000019dfd800 DEOPT UNPACKING pc=0x0000000002cd583b sp=0x000000001b40df58 mode 2


Dynamic libraries:
0x00007ff786a20000 - 0x00007ff786a57000 	C:\Program Files\Java\jdk1.8.0_201\jre\bin\java.exe
0x00007ffe56840000 - 0x00007ffe56a30000 	C:\WINDOWS\SYSTEM32\ntdll.dll
0x00007ffe55200000 - 0x00007ffe552b2000 	C:\WINDOWS\System32\KERNEL32.DLL
0x00007ffe540d0000 - 0x00007ffe54373000 	C:\WINDOWS\System32\KERNELBASE.dll
0x00007ffe51580000 - 0x00007ffe5160f000 	C:\WINDOWS\SYSTEM32\apphelp.dll
0x00007ffe56750000 - 0x00007ffe567f3000 	C:\WINDOWS\System32\ADVAPI32.dll
0x00007ffe54fe0000 - 0x00007ffe5507e000 	C:\WINDOWS\System32\msvcrt.dll
0x00007ffe55080000 - 0x00007ffe55117000 	C:\WINDOWS\System32\sechost.dll
0x00007ffe555c0000 - 0x00007ffe556e0000 	C:\WINDOWS\System32\RPCRT4.dll
0x00007ffe56440000 - 0x00007ffe565d4000 	C:\WINDOWS\System32\USER32.dll
0x00007ffe54070000 - 0x00007ffe54091000 	C:\Program Files\Java\jdk1.8.0_201\jre\bin\api-ms-win-core-processthreads-l1-1-1.dll
0x00007ffe55120000 - 0x00007ffe55146000 	C:\WINDOWS\System32\GDI32.dll
0x00007ffe54700000 - 0x00007ffe54894000 	C:\WINDOWS\System32\gdi32full.dll
0x00007ffe537d0000 - 0x00007ffe5386e000 	C:\WINDOWS\System32\msvcp_win.dll
0x00007ffe54600000 - 0x00007ffe546fa000 	C:\WINDOWS\System32\ucrtbase.dll
0x00007ffe4bd90000 - 0x00007ffe4c015000 	C:\WINDOWS\WinSxS\amd64_microsoft.windows.common-controls_6595b64144ccf1df_6.0.18362.476_none_e6c4b11b130f2595\COMCTL32.dll
0x00007ffe55d50000 - 0x00007ffe56086000 	C:\WINDOWS\System32\combase.dll
0x00007ffe54380000 - 0x00007ffe54400000 	C:\WINDOWS\System32\bcryptPrimitives.dll
0x00007ffe551d0000 - 0x00007ffe551fe000 	C:\WINDOWS\System32\IMM32.DLL
0x0000000073d00000 - 0x0000000073dd1000 	C:\Program Files\Java\jdk1.8.0_201\jre\bin\msvcr100.dll
0x0000000073de0000 - 0x0000000074684000 	C:\Program Files\Java\jdk1.8.0_201\jre\bin\server\jvm.dll
0x00007ffe565e0000 - 0x00007ffe565e8000 	C:\WINDOWS\System32\PSAPI.DLL
0x00007ffe50220000 - 0x00007ffe50229000 	C:\Program Files\Java\jdk1.8.0_201\jre\bin\api-ms-win-core-sysinfo-l1-1-0.dll
0x00007ffe514e0000 - 0x00007ffe51504000 	C:\WINDOWS\SYSTEM32\WINMM.dll
0x00007ffe4e9a0000 - 0x00007ffe4e9aa000 	C:\WINDOWS\SYSTEM32\VERSION.dll
0x00007ffe55870000 - 0x00007ffe558df000 	C:\WINDOWS\System32\WS2_32.dll
0x00007ffe514b0000 - 0x00007ffe514dd000 	C:\WINDOWS\SYSTEM32\winmmbase.dll
0x00007ffe548a0000 - 0x00007ffe548ea000 	C:\Program Files\Java\jdk1.8.0_201\jre\bin\api-ms-win-crt-conio-l1-1-0.dll
0x00007ffe50210000 - 0x00007ffe5021f000 	C:\Program Files\Java\jdk1.8.0_201\jre\bin\verify.dll
0x00007ffe47280000 - 0x00007ffe472a9000 	C:\Program Files\Java\jdk1.8.0_201\jre\bin\java.dll
0x00007ffe40a30000 - 0x00007ffe40a46000 	C:\Program Files\Java\jdk1.8.0_201\jre\bin\api-ms-win-crt-environment-l1-1-0.dll
0x00007ffe548f0000 - 0x00007ffe54fd5000 	C:\WINDOWS\System32\SHELL32.dll
0x00007ffe56180000 - 0x00007ffe56229000 	C:\WINDOWS\System32\shcore.dll
0x00007ffe538f0000 - 0x00007ffe5406e000 	C:\WINDOWS\System32\windows.storage.dll
0x00007ffe537b0000 - 0x00007ffe537cf000 	C:\Program Files\Java\jdk1.8.0_201\jre\bin\api-ms-win-crt-locale-l1-1-0.dll
0x00007ffe53760000 - 0x00007ffe537aa000 	C:\WINDOWS\System32\powrprof.dll
0x00007ffe53710000 - 0x00007ffe53720000 	C:\WINDOWS\System32\UMPDC.dll
0x00007ffe556e0000 - 0x00007ffe55732000 	C:\Program Files\Java\jdk1.8.0_201\jre\bin\api-ms-win-crt-multibyte-l1-1-0.dll
0x00007ffe53720000 - 0x00007ffe53731000 	C:\WINDOWS\System32\kernel.appcore.dll
0x00007ffe538d0000 - 0x00007ffe538e7000 	C:\WINDOWS\System32\cryptsp.dll
0x0000000002a10000 - 0x0000000002a13000 	C:\Program Files\Java\jdk1.8.0_201\jre\bin\api-ms-win-core-console-l1-1-0.dll
0x0000000002a20000 - 0x0000000002a23000 	C:\Program Files\Java\jdk1.8.0_201\jre\bin\api-ms-win-crt-runtime-l1-1-0.dll
0x0000000002a30000 - 0x0000000002a33000 	C:\Program Files\Java\jdk1.8.0_201\jre\bin\api-ms-win-crt-stdio-l1-1-0.dll
0x0000000002a40000 - 0x0000000002a43000 	C:\Program Files\Java\jdk1.8.0_201\jre\bin\api-ms-win-core-errorhandling-l1-1-0.dll
0x0000000002a50000 - 0x0000000002a54000 	C:\Program Files\Java\jdk1.8.0_201\jre\bin\api-ms-win-core-file-l1-1-0.dll
0x0000000002a60000 - 0x0000000002a63000 	C:\Program Files\Java\jdk1.8.0_201\jre\bin\api-ms-win-core-file-l1-2-0.dll
0x0000000002a70000 - 0x0000000002a73000 	C:\Program Files\Java\jdk1.8.0_201\jre\bin\api-ms-win-core-file-l2-1-0.dll
0x000000001a900000 - 0x000000001a903000 	C:\Program Files\Java\jdk1.8.0_201\jre\bin\ucrtbase.dll
0x000000001a910000 - 0x000000001a913000 	C:\Program Files\Java\jdk1.8.0_201\jre\bin\vcruntime140.dll
0x000000001a920000 - 0x000000001a923000 	C:\Program Files\Java\jdk1.8.0_201\jre\bin\api-ms-win-core-interlocked-l1-1-0.dll
0x000000001a930000 - 0x000000001a933000 	C:\Program Files\Java\jdk1.8.0_201\jre\bin\api-ms-win-core-libraryloader-l1-1-0.dll
0x000000001a940000 - 0x000000001a943000 	C:\Program Files\Java\jdk1.8.0_201\jre\bin\api-ms-win-core-localization-l1-2-0.dll
0x000000001a950000 - 0x000000001a953000 	C:\Program Files\Java\jdk1.8.0_201\jre\bin\api-ms-win-core-memory-l1-1-0.dll
0x000000001a960000 - 0x000000001a963000 	C:\WINDOWS\system32\d3d9.dll
0x000000001a970000 - 0x000000001a973000 	C:\WINDOWS\SYSTEM32\dwmapi.dll
0x000000001a980000 - 0x000000001a983000 	C:\WINDOWS\SYSTEM32\dxcore.dll
0x000000001a990000 - 0x000000001a993000 	C:\WINDOWS\system32\uxtheme.dll
0x000000001a9a0000 - 0x000000001a9a3000 	C:\Program Files\Java\jdk1.8.0_201\jre\bin\api-ms-win-core-profile-l1-1-0.dll
0x000000001a9b0000 - 0x000000001a9b3000 	C:\Program Files\Java\jdk1.8.0_201\jre\bin\api-ms-win-core-rtlsupport-l1-1-0.dll
0x000000001a9c0000 - 0x000000001a9c3000 	C:\Program Files\Java\jdk1.8.0_201\jre\bin\api-ms-win-core-string-l1-1-0.dll
0x000000001a9d0000 - 0x000000001a9d3000 	C:\Program Files\Java\jdk1.8.0_201\jre\bin\api-ms-win-core-synch-l1-1-0.dll
0x000000001a9e0000 - 0x000000001a9e3000 	C:\Program Files\Java\jdk1.8.0_201\jre\bin\api-ms-win-core-synch-l1-2-0.dll
0x000000001a9f0000 - 0x000000001a9f3000 	C:\Program Files\Java\jdk1.8.0_201\jre\bin\api-ms-win-core-sysinfo-l1-1-0.dll
0x000000001aa00000 - 0x000000001aa03000 	C:\WINDOWS\system32\rsaenh.dll
0x000000001aa10000 - 0x000000001aa13000 	C:\WINDOWS\System32\bcrypt.dll
0x000000001aa20000 - 0x000000001aa23000 	C:\WINDOWS\SYSTEM32\CRYPTBASE.dll
0x000000001aa30000 - 0x000000001aa34000 	C:\WINDOWS\System32\DriverStore\FileRepository\nv_dispi.inf_amd64_db678424d2641c3d\nvd3dumx.dll
0x000000001aa40000 - 0x000000001aa43000 	C:\Program Files\Java\jdk1.8.0_201\jre\bin\glass.dll
0x000000001aa50000 - 0x000000001aa53000 	C:\Program Files\Java\jdk1.8.0_201\jre\bin\api-ms-win-crt-filesystem-l1-1-0.dll
0x000000001aa60000 - 0x000000001aa63000 	C:\Program Files\Java\jdk1.8.0_201\jre\bin\api-ms-win-crt-heap-l1-1-0.dll
0x000000001aa70000 - 0x000000001aa73000 	C:\Program Files\Java\jdk1.8.0_201\jre\bin\api-ms-win-crt-locale-l1-1-0.dll
0x000000001aa80000 - 0x000000001aa85000 	C:\Program Files\Java\jdk1.8.0_201\jre\bin\api-ms-win-crt-math-l1-1-0.dll
0x000000001aa90000 - 0x000000001aa95000 	C:\Program Files\Java\jdk1.8.0_201\jre\bin\api-ms-win-crt-multibyte-l1-1-0.dll
0x000000001aaa0000 - 0x000000001aab0000 	C:\Program Files\Java\jdk1.8.0_201\jre\bin\api-ms-win-crt-private-l1-1-0.dll
0x000000001aab0000 - 0x000000001aab3000 	C:\Program Files\Java\jdk1.8.0_201\jre\bin\api-ms-win-crt-process-l1-1-0.dll
0x000000001aac0000 - 0x000000001aac4000 	C:\Program Files\Java\jdk1.8.0_201\jre\bin\api-ms-win-crt-runtime-l1-1-0.dll
0x000000001aad0000 - 0x000000001aad4000 	C:\WINDOWS\System32\KERNEL32.DLL
0x000000001aae0000 - 0x000000001aae4000 	C:\WINDOWS\System32\GDI32.dll
0x000000001aaf0000 - 0x000000001aaf3000 	C:\WINDOWS\System32\bcryptPrimitives.dll
0x000000001ab00000 - 0x000000001ab03000 	C:\WINDOWS\System32\PSAPI.DLL
0x00007ffdff360000 - 0x00007ffdff456000 	C:\WINDOWS\System32\WS2_32.dll
0x00007ffe40180000 - 0x00007ffe40196000 	C:\Program Files\Java\jdk1.8.0_201\jre\bin\java.dll
0x00007ffe23a90000 - 0x00007ffe23b2c000 	C:\WINDOWS\System32\shcore.dll
0x00007ffe34710000 - 0x00007ffe34761000 	C:\WINDOWS\System32\powrprof.dll
0x00007ffe346e0000 - 0x00007ffe34703000 	C:\WINDOWS\System32\kernel.appcore.dll
0x00007ffe48c30000 - 0x00007ffe48df7000 	C:\Program Files\Java\jdk1.8.0_201\jre\bin\api-ms-win-core-datetime-l1-1-0.dll
0x00007ffe51cb0000 - 0x00007ffe51cdd000 	C:\Program Files\Java\jdk1.8.0_201\jre\bin\api-ms-win-core-file-l1-1-0.dll
0x00007ffe52440000 - 0x00007ffe52460000 	C:\Program Files\Java\jdk1.8.0_201\jre\bin\api-ms-win-core-handle-l1-1-0.dll
0x00007ffe51020000 - 0x00007ffe510b9000 	C:\Program Files\Java\jdk1.8.0_201\jre\bin\api-ms-win-core-libraryloader-l1-1-0.d
0x00007ffe4e8b0000 - 0x00007ffe4e99e000 	C:\Program Files\Java\jdk1.8.0_201\jre\bin\api-ms-win-core-memory-l1-1-0.dll
0x00007ffe54400000 - 0x00007ffe54549000 	C:\Program Files\Java\jdk1.8.0_201\jre\bin\api-ms-win-core-processenvironment-l1-1-0.dll
0x00007ffe53740000 - 0x00007ffe53752000 	C:\Program Files\Java\jdk1.8.0_201\jre\bin\api-ms-win-core-processthreads-l1-1-1.dll
0x00007ffe53870000 - 0x00007ffe538cc000 	C:\Program Files\Java\jdk1.8.0_201\jre\bin\api-ms-win-core-rtlsupport-l1-1-0.dll
0x00007ffe56150000 - 0x00007ffe5616d000 	C:\Program Files\Java\jdk1.8.0_201\jre\bin\api-ms-win-core-synch-l1-1-0.dll
0x00007ffe52a90000 - 0x00007ffe52ac3000 	C:\Program Files\Java\jdk1.8.0_201\jre\bin\api-ms-win-core-sysinfo-l1-1-0.dll
0x00007ffe540a0000 - 0x00007ffe540c6000 	C:\Program Files\Java\jdk1.8.0_201\jre\bin\api-ms-win-core-util-l1-1-0.dll
0x00007ffe53150000 - 0x00007ffe5315c000 	C:\Program Files\Java\jdk1.8.0_201\jre\bin\api-ms-win-crt-convert-l1-1-0.dll
0x00007ffe2eb10000 - 0x00007ffe2ffab000 	C:\Program Files\Java\jdk1.8.0_201\jre\bin\api-ms-win-crt-filesystem-l1-1-0.dll
0x00007ffe34690000 - 0x00007ffe346d9000 	C:\Program Files\Java\jdk1.8.0_201\jre\bin\api-ms-win-crt-locale-l1-1-0.dll
0x00007ffe56370000 - 0x00007ffe56440000 	C:\Program Files\Java\jdk1.8.0_201\jre\bin\api-ms-win-crt-math-l1-1-0.dll
0x00007ffe565f0000 - 0x00007ffe56746000 	C:\Program Files\Java\jdk1.8.0_201\jre\bin\api-ms-win-crt-private-l1-1-0.dll
0x00007ffe55340000 - 0x00007ffe55404000 	C:\Program Files\Java\jdk1.8.0_201\jre\bin\api-ms-win-crt-runtime-l1-1-0.dll
0x00007ffe56230000 - 0x00007ffe56366000 	C:\Program Files\Java\jdk1.8.0_201\jre\bin\api-ms-win-crt-string-l1-1-0.dll
0x00007ffe523f0000 - 0x00007ffe52412000 	C:\Program Files\Java\jdk1.8.0_201\jre\bin\api-ms-win-crt-time-l1-1-0.dll
0x00007ffe40c90000 - 0x00007ffe40cbf000 	C:\Program Files\Java\jdk1.8.0_201\jre\bin\ucrtbase.dll
0x00007ffe43550000 - 0x00007ffe43564000 	C:\Program Files\Java\jdk1.8.0_201\jre\bin\msvcp140.dll
0x00007ffe2b3a0000 - 0x00007ffe2b3c6000 	C:\Program Files\Java\jdk1.8.0_201\jre\bin\javafx_iio.dll
0x00007ffe49510000 - 0x00007ffe4980e000 	C:\WINDOWS\system32\d3d9.dll
0x00007ffe557c0000 - 0x00007ffe55862000 	C:\WINDOWS\System32\clbcatq.dll
0x00007ffe4e6c0000 - 0x00007ffe4e86f000 	C:\WINDOWS\system32\uxtheme.dll
0x00007ffe47450000 - 0x00007ffe4748a000 	C:\WINDOWS\system32\dataexchange.dll
0x00007ffe50980000 - 0x00007ffe50b5b000 	C:\WINDOWS\System32\MSASN1.dll
0x00007ffe50720000 - 0x00007ffe5097b000 	C:\WINDOWS\System32\imagehlp.dll
0x00007ffe524d0000 - 0x00007ffe525bb000 	C:\WINDOWS\system32\rsaenh.dll
0x00007ffe51960000 - 0x00007ffe51bba000 	C:\WINDOWS\SYSTEM32\CRYPTBASE.dll
0x00007ffe51e70000 - 0x00007ffe51e99000 	C:\WINDOWS\System32\DriverStore\FileRepository\nv_dispi.inf_amd64_db678424d2641c3d\nvd3dumx.dll
0x00007ffe483a0000 - 0x00007ffe483d3000 	C:\WINDOWS\System32\COMDLG32.dll
0x00007ffe4ee20000 - 0x00007ffe4eebe000 	C:\WINDOWS\System32\ole32.dll
0x00007ffe4e9b0000 - 0x00007ffe4ecda000 	C:\WINDOWS\System32\MSCTF.dll
0x00007ffe513a0000 - 0x00007ffe51474000 	C:\WINDOWS\SYSTEM32\gpapi.dll
0x00007ffe52770000 - 0x00007ffe527a1000 	C:\Program Files\Java\jdk1.8.0_201\jre\bin\javafx_font.dll
0x00007ffe4efc0000 - 0x00007ffe4f113000 	C:\WINDOWS\SYSTEM32\wintypes.dll
0x00007ffe46e10000 - 0x00007ffe470b6000 	C:\WINDOWS\System32\iertutil.dll
0x00007ffe4aca0000 - 0x00007ffe4b260000 	C:\WINDOWS\SYSTEM32\d2d1.dll
0x00007ffe36020000 - 0x00007ffe36761000 	C:\WINDOWS\SYSTEM32\D3D10Warp.dll
0x00007ffe37aa0000 - 0x00007ffe37ab2000 	C:\Program Files\Java\jdk1.8.0_201\jre\bin\prism_common.dll
0x00007ffe3c010000 - 0x00007ffe3c02a000 	C:\Program Files\Java\jdk1.8.0_201\jre\bin\net.dll
0x00007ffe4b260000 - 0x00007ffe4b436000 	C:\WINDOWS\SYSTEM32\urlmon.dll

VM Arguments:
jvm_args: -Dfile.encoding=UTF-8 
java_command: C:\Users\thamt\Documents\NetBeansProjects\QuanLyChuyenBay\dist\run368894633\QuanLyChuyenBay.jar
java_class_path (initial): C:\Users\thamt\Documents\NetBeansProjects\QuanLyChuyenBay\dist\run368894633\QuanLyChuyenBay.jar
Launcher Type: SUN_STANDARD

Environment Variables:
JAVA_HOME=C:\Program Files\Java\jdk1.8.0_201
PATH=C:\Program Files (x86)\Common Files\Oracle\Java\javapath;C:\Program Files (x86)\Microsoft SQL Server\110\Tools\Binn\;C:\Program Files (x86)\Microsoft SQL Server\110\DTS\Binn\;C:\Program Files (x86)\Microsoft SQL Server\110\Tools\Binn\ManagementStudio\;C:\Program Files (x86)\Microsoft Visual Studio 10.0\Common7\IDE\PrivateAssemblies\;C:\Gradle\gradle-4.10.3\bin;;%SystemRoot%\system32;%SystemRoot%;%SystemRoot%\System32\Wbem;%SYSTEMROOT%\System32\WindowsPowerShell\v1.0\;%SYSTEMROOT%\System32\OpenSSH\;C:\Users\thamt\AppData\Local\Microsoft\WindowsApps;
USERNAME=thamt
OS=Windows_NT
PROCESSOR_IDENTIFIER=Intel64 Family 6 Model 158 Stepping 9, GenuineIntel



---------------  S Y S T E M  ---------------

OS: Windows 10.0 , 64 bit Build 18362 (10.0.18362.329)

CPU:total 8 (initial active 8) (4 cores per cpu, 2 threads per core) family 6 model 158 stepping 9, cmov, cx8, fxsr, mmx, sse, sse2, sse3, ssse3, sse4.1, sse4.2, popcnt, avx, avx2, aes, clmul, erms, rtm, 3dnowpref, lzcnt, ht, tsc, tscinvbit, bmi1, bmi2, adx

Memory: 4k page, physical 8298000k(642336k free), swap 33463824k(5100k free)

vm_info: Java HotSpot(TM) 64-Bit Server VM (25.201-b09) for windows-amd64 JRE (1.8.0_201-b09), built on Dec 15 2018 18:36:39 by "java_re" with MS VC++ 10.0 (VS2010)

time: Thu Dec 12 22:12:33 2019
timezone: SE Asia Standard Time
elapsed time: 11 seconds (0d 0h 0m 11s)

