#
# There is insufficient memory for the Java Runtime Environment to continue.
# Native memory allocation (malloc) failed to allocate 1048576 bytes for AllocateHeap
# Possible reasons:
#   The system is out of physical RAM or swap space
#   The process is running with CompressedOops enabled, and the Java Heap may be blocking the growth of the native heap
# Possible solutions:
#   Reduce memory load on the system
#   Increase physical memory or swap space
#   Check if swap backing store is full
#   Decrease Java heap size (-Xmx/-Xms)
#   Decrease number of Java threads
#   Decrease Java thread stack sizes (-Xss)
#   Set larger code cache with -XX:ReservedCodeCacheSize=
#   JVM is running with Unscaled Compressed Oops mode in which the Java heap is
#     placed in the first 4GB address space. The Java Heap base address is the
#     maximum limit for the native heap growth. Please use -XX:HeapBaseMinAddress
#     to set the Java Heap base and to place the Java Heap above 4GB virtual address.
# This output file may be truncated or incomplete.
#
#  Out of Memory Error (memory/allocation.inline.hpp:61), pid=558076, tid=0x0000000000010c78
#
# JRE version:  (8.0_201-b09) (build )
# Java VM: Java HotSpot(TM) 64-Bit Server VM (25.201-b09 mixed mode windows-amd64 compressed oops)
# Failed to write core dump. Minidumps are not enabled by default on client versions of Windows
#

---------------  T H R E A D  ---------------

Current thread (0x0000000002e71000):  JavaThread "Unknown thread" [_thread_in_vm, id=68728, stack(0x0000000002d00000,0x0000000002e00000)]

Stack: [0x0000000002d00000,0x0000000002e00000]
[error occurred during error reporting (printing stack bounds), id 0xc0000005]

Native frames: (J=compiled Java code, j=interpreted, Vv=VM code, C=native code)


---------------  P R O C E S S  ---------------

Java Threads: ( => current thread )

Other Threads:

=>0x0000000002e71000 (exited) JavaThread "Unknown thread" [_thread_in_vm, id=68728, stack(0x0000000002d00000,0x0000000002e00000)]

VM state:not at safepoint (normal execution)

VM Mutex/Monitor currently owned by a thread: None

heap address: 0x0000000081600000, size: 2026 MB, Compressed Oops mode: 32-bit
Narrow klass base: 0x0000000000000000, Narrow klass shift: 3
Compressed class space size: 1073741824 Address: 0x0000000100000000

Heap:
 PSYoungGen      total 38400K, used 665K [0x00000000d5d00000, 0x00000000d8780000, 0x0000000100000000)
  eden space 33280K, 2% used [0x00000000d5d00000,0x00000000d5da6670,0x00000000d7d80000)
  from space 5120K, 0% used [0x00000000d8280000,0x00000000d8280000,0x00000000d8780000)
  to   space 5120K, 0% used [0x00000000d7d80000,0x00000000d7d80000,0x00000000d8280000)
 ParOldGen       total 87552K, used 0K [0x0000000081600000, 0x0000000086b80000, 0x00000000d5d00000)
  object space 87552K, 0% used [0x0000000081600000,0x0000000081600000,0x0000000086b80000)
 Metaspace       used 775K, capacity 4480K, committed 4480K, reserved 1056768K
  class space    used 76K, capacity 384K, committed 384K, reserved 1048576K

Card table byte_map: [0x0000000012330000,0x0000000012730000] byte_map_base: 0x0000000011f25000

Marking Bits: (ParMarkBitMap*) 0x0000000074604ce0
 Begin Bits: [0x00000000131e0000, 0x0000000015188000)
 End Bits:   [0x0000000015188000, 0x0000000017130000)

Polling page: 0x00000000010d0000

CodeCache: size=245760Kb used=328Kb max_used=328Kb free=245431Kb
 bounds [0x0000000002f70000, 0x00000000031e0000, 0x0000000011f70000]
 total_blobs=58 nmethods=0 adapters=38
 compilation: enabled

Compilation events (0 events):
No events

GC Heap History (0 events):
No events

Deoptimization events (0 events):
No events

Classes redefined (0 events):
No events

Internal exceptions (0 events):
No events

Events (10 events):
Event: 0.032 loading class java/lang/Short
Event: 0.032 loading class java/lang/Short done
Event: 0.032 loading class java/lang/Integer
Event: 0.032 loading class java/lang/Integer done
Event: 0.032 loading class java/lang/Long
Event: 0.032 loading class java/lang/Long done
Event: 0.032 loading class java/lang/NullPointerException
Event: 0.032 loading class java/lang/NullPointerException done
Event: 0.032 loading class java/lang/ArithmeticException
Event: 0.033 loading class java/lang/ArithmeticException done


Dynamic libraries:
0x00007ff786a20000 - 0x00007ff786a57000 	C:\Program Files\Java\jdk1.8.0_201\jre\bin\java.exe
0x00007ffe56840000 - 0x00007ffe56a30000 	C:\WINDOWS\SYSTEM32\ntdll.dll
0x00007ffe55200000 - 0x00007ffe552b2000 	C:\WINDOWS\System32\KERNEL32.DLL
0x00007ffe540d0000 - 0x00007ffe54373000 	C:\WINDOWS\System32\KERNELBASE.dll
0x00007ffe51580000 - 0x00007ffe5160f000 	C:\WINDOWS\SYSTEM32\apphelp.dll
0x00007ffe56750000 - 0x00007ffe567f3000 	C:\WINDOWS\System32\ADVAPI32.dll
0x00007ffe54fe0000 - 0x00007ffe5507e000 	C:\WINDOWS\System32\msvcrt.dll
0x00007ffe55080000 - 0x00007ffe55117000 	C:\WINDOWS\System32\sechost.dll
0x00007ffe555c0000 - 0x00007ffe556e0000 	C:\WINDOWS\System32\RPCRT4.dll
0x00007ffe56440000 - 0x00007ffe565d4000 	C:\WINDOWS\System32\USER32.dll
0x00007ffe54070000 - 0x00007ffe54091000 	C:\WINDOWS\System32\win32u.dll
0x00007ffe55120000 - 0x00007ffe55146000 	C:\WINDOWS\System32\GDI32.dll
0x00007ffe54700000 - 0x00007ffe54894000 	C:\WINDOWS\System32\gdi32full.dll
0x00007ffe537d0000 - 0x00007ffe5386e000 	C:\WINDOWS\System32\msvcp_win.dll
0x00007ffe54600000 - 0x00007ffe546fa000 	C:\WINDOWS\System32\ucrtbase.dll
0x00007ffe4bd90000 - 0x00007ffe4c015000 	C:\WINDOWS\WinSxS\amd64_microsoft.windows.common-controls_6595b64144ccf1df_6.0.18362.476_none_e6c4b11b130f2595\COMCTL32.dll
0x00007ffe55d50000 - 0x00007ffe56086000 	C:\WINDOWS\System32\combase.dll
0x00007ffe54380000 - 0x00007ffe54400000 	C:\WINDOWS\System32\bcryptPrimitives.dll
0x00007ffe551d0000 - 0x00007ffe551fe000 	C:\WINDOWS\System32\IMM32.DLL
0x0000000073d00000 - 0x0000000073dd1000 	C:\Program Files\Java\jdk1.8.0_201\jre\bin\msvcr100.dll
0x0000000073de0000 - 0x0000000074684000 	C:\Program Files\Java\jdk1.8.0_201\jre\bin\server\jvm.dll
0x00007ffe565e0000 - 0x00007ffe565e8000 	C:\WINDOWS\System32\PSAPI.DLL
0x00007ffe50220000 - 0x00007ffe50229000 	C:\WINDOWS\SYSTEM32\WSOCK32.dll
0x00007ffe4e9a0000 - 0x00007ffe4e9aa000 	C:\WINDOWS\SYSTEM32\VERSION.dll
0x00007ffe514e0000 - 0x00007ffe51504000 	C:\WINDOWS\SYSTEM32\WINMM.dll
0x00007ffe55870000 - 0x00007ffe558df000 	C:\WINDOWS\System32\WS2_32.dll
0x00007ffe514b0000 - 0x00007ffe514dd000 	C:\WINDOWS\SYSTEM32\winmmbase.dll
0x00007ffe548a0000 - 0x00007ffe548ea000 	C:\WINDOWS\System32\cfgmgr32.dll
0x00007ffe50210000 - 0x00007ffe5021f000 	C:\Program Files\Java\jdk1.8.0_201\jre\bin\verify.dll
0x00007ffe47280000 - 0x00007ffe472a9000 	C:\Program Files\Java\jdk1.8.0_201\jre\bin\java.dll
0x00007ffe40a30000 - 0x00007ffe40a46000 	C:\Program Files\Java\jdk1.8.0_201\jre\bin\zip.dll

VM Arguments:
java_command: <unknown>
java_class_path (initial): .
Launcher Type: SUN_STANDARD

Environment Variables:
JAVA_HOME=C:\Program Files\Java\jdk1.8.0_201
PATH=C:\Program Files (x86)\Common Files\Oracle\Java\javapath;C:\Program Files (x86)\Microsoft SQL Server\110\Tools\Binn\;C:\Program Files (x86)\Microsoft SQL Server\110\DTS\Binn\;C:\Program Files (x86)\Microsoft SQL Server\110\Tools\Binn\ManagementStudio\;C:\Program Files (x86)\Microsoft Visual Studio 10.0\Common7\IDE\PrivateAssemblies\;C:\Gradle\gradle-4.10.3\bin;;%SystemRoot%\system32;%SystemRoot%;%SystemRoot%\System32\Wbem;%SYSTEMROOT%\System32\WindowsPowerShell\v1.0\;%SYSTEMROOT%\System32\OpenSSH\;C:\Users\thamt\AppData\Local\Microsoft\WindowsApps;
USERNAME=thamt
OS=Windows_NT
PROCESSOR_IDENTIFIER=Intel64 Family 6 Model 158 Stepping 9, GenuineIntel



---------------  S Y S T E M  ---------------

OS: Windows 10.0 , 64 bit Build 18362 (10.0.18362.329)

CPU:total 8 (initial active 8) (4 cores per cpu, 2 threads per core) family 6 model 158 stepping 9, cmov, cx8, fxsr, mmx, sse, sse2, sse3, ssse3, sse4.1, sse4.2, popcnt, avx, avx2, aes, clmul, erms, rtm, 3dnowpref, lzcnt, ht, tsc, tscinvbit, bmi1, bmi2, adx

Memory: 4k page, physical 8298000k(942316k free), swap 33463824k(5872k free)

vm_info: Java HotSpot(TM) 64-Bit Server VM (25.201-b09) for windows-amd64 JRE (1.8.0_201-b09), built on Dec 15 2018 18:36:39 by "java_re" with MS VC++ 10.0 (VS2010)

time: Thu Dec 12 22:33:07 2019
timezone: SE Asia Standard Time
elapsed time: 0 seconds (0d 0h 0m 0s)

